#
# There is insufficient memory for the Java Runtime Environment to continue.
# Native memory allocation (mmap) failed to map 65536 bytes for Failed to commit metaspace.
# Possible reasons:
#   The system is out of physical RAM or swap space
#   The process is running with CompressedOops enabled, and the Java Heap may be blocking the growth of the native heap
# Possible solutions:
#   Reduce memory load on the system
#   Increase physical memory or swap space
#   Check if swap backing store is full
#   Decrease Java heap size (-Xmx/-Xms)
#   Decrease number of Java threads
#   Decrease Java thread stack sizes (-Xss)
#   Set larger code cache with -XX:ReservedCodeCacheSize=
#   JVM is running with Unscaled Compressed Oops mode in which the Java heap is
#     placed in the first 4GB address space. The Java Heap base address is the
#     maximum limit for the native heap growth. Please use -XX:HeapBaseMinAddress
#     to set the Java Heap base and to place the Java Heap above 4GB virtual address.
# This output file may be truncated or incomplete.
#
#  Out of Memory Error (virtualSpaceNode.cpp:110), pid=8996, tid=14224
#
# JRE version: Java(TM) SE Runtime Environment (17.0.5+9) (build 17.0.5+9-LTS-191)
# Java VM: Java HotSpot(TM) 64-Bit Server VM (17.0.5+9-LTS-191, mixed mode, emulated-client, sharing, tiered, compressed oops, compressed class ptrs, g1 gc, windows-amd64)
# No core dump will be written. Minidumps are not enabled by default on client versions of Windows
#

---------------  S U M M A R Y ------------

Command Line: -Dcom.sun.management.jmxremote -Dcom.sun.management.jmxremote.port=60783 -Dcom.sun.management.jmxremote.authenticate=false -Dcom.sun.management.jmxremote.ssl=false -Djava.rmi.server.hostname=localhost -Dspring.jmx.enabled=true -Dmanagement.endpoints.jmx.exposure.include=* -Dspring.application.admin.enabled=true -XX:TieredStopAtLevel=1 -Dspring.boot.project.name=AS221S4_T14_be -Dfile.encoding=UTF-8 -XX:+ShowCodeDetailsInExceptionMessages pe.edu.vallegrande.cassiatec.CassiatecApplication --spring.output.ansi.enabled=always

Host: AMD Ryzen 3 4300U with Radeon Graphics         , 4 cores, 3G,  Windows 10 , 64 bit Build 19041 (10.0.19041.2913)
Time: Sat Nov 11 19:08:30 2023 Hora est. Pacífico, Sudamérica elapsed time: 74.867368 seconds (0d 0h 1m 14s)

---------------  T H R E A D  ---------------

Current thread (0x0000018ff76f0fc0):  JavaThread "http-nio-8085-exec-4" daemon [_thread_in_vm, id=14224, stack(0x0000008ced900000,0x0000008ceda00000)]

Stack: [0x0000008ced900000,0x0000008ceda00000]
Native frames: (J=compiled Java code, j=interpreted, Vv=VM code, C=native code)
V  [jvm.dll+0x672eea]
V  [jvm.dll+0x7d2a04]
V  [jvm.dll+0x7d41ae]
V  [jvm.dll+0x7d4813]
V  [jvm.dll+0x242c15]
V  [jvm.dll+0x7ce9ab]
V  [jvm.dll+0x618bb6]
V  [jvm.dll+0x1be37e]
V  [jvm.dll+0x61b4f1]
V  [jvm.dll+0x619556]
V  [jvm.dll+0x367f22]
V  [jvm.dll+0x1dfb2b]
V  [jvm.dll+0x539409]
V  [jvm.dll+0x74d4f8]
V  [jvm.dll+0x74d5e4]
V  [jvm.dll+0x408fe5]
V  [jvm.dll+0x40f038]
C  [java.dll+0x17ec]

Java frames: (J=compiled Java code, j=interpreted, Vv=VM code)
J 1202  java.lang.ClassLoader.defineClass1(Ljava/lang/ClassLoader;Ljava/lang/String;[BIILjava/security/ProtectionDomain;Ljava/lang/String;)Ljava/lang/Class; java.base@17.0.5 (0 bytes) @ 0x0000018fea2003e3 [0x0000018fea200320+0x00000000000000c3]
J 1333 c1 java.lang.ClassLoader.defineClass(Ljava/lang/String;[BIILjava/security/ProtectionDomain;)Ljava/lang/Class; java.base@17.0.5 (43 bytes) @ 0x0000018fea23ab5c [0x0000018fea23aa60+0x00000000000000fc]
J 1230 c1 jdk.internal.loader.BuiltinClassLoader.defineClass(Ljava/lang/String;Ljdk/internal/loader/Resource;)Ljava/lang/Class; java.base@17.0.5 (121 bytes) @ 0x0000018fea20cee4 [0x0000018fea20ca20+0x00000000000004c4]
J 1211 c1 jdk.internal.loader.BuiltinClassLoader.findClassOnClassPathOrNull(Ljava/lang/String;)Ljava/lang/Class; java.base@17.0.5 (64 bytes) @ 0x0000018fea2037b4 [0x0000018fea203500+0x00000000000002b4]
J 1035 c1 jdk.internal.loader.BuiltinClassLoader.loadClassOrNull(Ljava/lang/String;Z)Ljava/lang/Class; java.base@17.0.5 (143 bytes) @ 0x0000018fea1ae25c [0x0000018fea1ade00+0x000000000000045c]
J 1154 c1 jdk.internal.loader.ClassLoaders$AppClassLoader.loadClass(Ljava/lang/String;Z)Ljava/lang/Class; java.base@17.0.5 (40 bytes) @ 0x0000018fea1ecb24 [0x0000018fea1ec9e0+0x0000000000000144]
J 1149 c1 java.lang.ClassLoader.loadClass(Ljava/lang/String;)Ljava/lang/Class; java.base@17.0.5 (7 bytes) @ 0x0000018fea1eb564 [0x0000018fea1eb520+0x0000000000000044]
v  ~StubRoutines::call_stub
j  org.hibernate.query.spi.AbstractSelectionQuery.getCallback()Lorg/hibernate/sql/exec/spi/Callback;+8
j  org.hibernate.query.sqm.internal.SqmJdbcExecutionContextAdapter.getCallback()Lorg/hibernate/sql/exec/spi/Callback;+4
j  org.hibernate.sql.results.jdbc.internal.JdbcValuesSourceProcessingStateStandardImpl.postLoad()V+4
j  org.hibernate.sql.results.jdbc.internal.JdbcValuesSourceProcessingStateStandardImpl.finishUp()V+5
j  org.hibernate.sql.results.spi.ListResultsConsumer.consume(Lorg/hibernate/sql/results/jdbc/spi/JdbcValues;Lorg/hibernate/engine/spi/SharedSessionContractImplementor;Lorg/hibernate/sql/results/jdbc/spi/JdbcValuesSourceProcessingOptions;Lorg/hibernate/sql/results/jdbc/internal/JdbcValuesSourceProcessingStateStandardImpl;Lorg/hibernate/sql/results/internal/RowProcessingStateStandardImpl;Lorg/hibernate/sql/results/spi/RowReader;)Ljava/util/List;+311
j  org.hibernate.sql.results.spi.ListResultsConsumer.consume(Lorg/hibernate/sql/results/jdbc/spi/JdbcValues;Lorg/hibernate/engine/spi/SharedSessionContractImplementor;Lorg/hibernate/sql/results/jdbc/spi/JdbcValuesSourceProcessingOptions;Lorg/hibernate/sql/results/jdbc/internal/JdbcValuesSourceProcessingStateStandardImpl;Lorg/hibernate/sql/results/internal/RowProcessingStateStandardImpl;Lorg/hibernate/sql/results/spi/RowReader;)Ljava/lang/Object;+10
j  org.hibernate.sql.exec.internal.JdbcSelectExecutorStandardImpl.doExecuteQuery(Lorg/hibernate/sql/exec/spi/JdbcOperationQuerySelect;Lorg/hibernate/sql/exec/spi/JdbcParameterBindings;Lorg/hibernate/sql/exec/spi/ExecutionContext;Lorg/hibernate/sql/results/spi/RowTransformer;Ljava/lang/Class;Ljava/util/function/Function;Lorg/hibernate/sql/results/spi/ResultsConsumer;)Ljava/lang/Object;+312
j  org.hibernate.sql.exec.internal.JdbcSelectExecutorStandardImpl.executeQuery(Lorg/hibernate/sql/exec/spi/JdbcOperationQuerySelect;Lorg/hibernate/sql/exec/spi/JdbcParameterBindings;Lorg/hibernate/sql/exec/spi/ExecutionContext;Lorg/hibernate/sql/results/spi/RowTransformer;Ljava/lang/Class;Ljava/util/function/Function;Lorg/hibernate/sql/results/spi/ResultsConsumer;)Ljava/lang/Object;+64
j  org.hibernate.sql.exec.internal.JdbcSelectExecutorStandardImpl.list(Lorg/hibernate/sql/exec/spi/JdbcOperationQuerySelect;Lorg/hibernate/sql/exec/spi/JdbcParameterBindings;Lorg/hibernate/sql/exec/spi/ExecutionContext;Lorg/hibernate/sql/results/spi/RowTransformer;Ljava/lang/Class;Lorg/hibernate/sql/results/spi/ListResultsConsumer$UniqueSemantic;)Ljava/util/List;+19
j  org.hibernate.sql.exec.spi.JdbcSelectExecutor.list(Lorg/hibernate/sql/exec/spi/JdbcOperationQuerySelect;Lorg/hibernate/sql/exec/spi/JdbcParameterBindings;Lorg/hibernate/sql/exec/spi/ExecutionContext;Lorg/hibernate/sql/results/spi/RowTransformer;Lorg/hibernate/sql/results/spi/ListResultsConsumer$UniqueSemantic;)Ljava/util/List;+9
j  org.hibernate.query.sqm.internal.ConcreteSqmSelectQueryPlan.lambda$new$0(Ljava/lang/String;Lorg/hibernate/sql/results/spi/ListResultsConsumer$UniqueSemantic;Lorg/hibernate/query/sqm/internal/DomainParameterXref;Ljava/lang/Void;Lorg/hibernate/query/spi/DomainQueryExecutionContext;Lorg/hibernate/query/sqm/internal/ConcreteSqmSelectQueryPlan$CacheableSqmInterpretation;Lorg/hibernate/sql/exec/spi/JdbcParameterBindings;)Ljava/util/List;+92
j  org.hibernate.query.sqm.internal.ConcreteSqmSelectQueryPlan$$Lambda$1548+0x000000080174d268.interpret(Ljava/lang/Object;Lorg/hibernate/query/spi/DomainQueryExecutionContext;Lorg/hibernate/query/sqm/internal/ConcreteSqmSelectQueryPlan$CacheableSqmInterpretation;Lorg/hibernate/sql/exec/spi/JdbcParameterBindings;)Ljava/lang/Object;+24
j  org.hibernate.query.sqm.internal.ConcreteSqmSelectQueryPlan.withCacheableSqmInterpretation(Lorg/hibernate/query/spi/DomainQueryExecutionContext;Ljava/lang/Object;Lorg/hibernate/query/sqm/internal/ConcreteSqmSelectQueryPlan$SqmInterpreter;)Ljava/lang/Object;+173
j  org.hibernate.query.sqm.internal.ConcreteSqmSelectQueryPlan.performList(Lorg/hibernate/query/spi/DomainQueryExecutionContext;)Ljava/util/List;+28
j  org.hibernate.query.sqm.internal.QuerySqmImpl.doList()Ljava/util/List;+88
j  org.hibernate.query.spi.AbstractSelectionQuery.list()Ljava/util/List;+7
j  org.hibernate.query.Query.getResultList()Ljava/util/List;+1
j  org.springframework.data.jpa.repository.support.SimpleJpaRepository.findAll()Ljava/util/List;+8
j  org.springframework.data.jpa.repository.support.SimpleJpaRepository.findAll()Ljava/lang/Iterable;+1
v  ~StubRoutines::call_stub
J 4730  jdk.internal.reflect.NativeMethodAccessorImpl.invoke0(Ljava/lang/reflect/Method;Ljava/lang/Object;[Ljava/lang/Object;)Ljava/lang/Object; java.base@17.0.5 (0 bytes) @ 0x0000018fea8553a7 [0x0000018fea855320+0x0000000000000087]
J 4729 c1 jdk.internal.reflect.NativeMethodAccessorImpl.invoke(Ljava/lang/Object;[Ljava/lang/Object;)Ljava/lang/Object; java.base@17.0.5 (137 bytes) @ 0x0000018fea856694 [0x0000018fea856380+0x0000000000000314]
J 3766 c1 jdk.internal.reflect.DelegatingMethodAccessorImpl.invoke(Ljava/lang/Object;[Ljava/lang/Object;)Ljava/lang/Object; java.base@17.0.5 (10 bytes) @ 0x0000018fea6ae264 [0x0000018fea6ae220+0x0000000000000044]
J 4139 c1 java.lang.reflect.Method.invoke(Ljava/lang/Object;[Ljava/lang/Object;)Ljava/lang/Object; java.base@17.0.5 (65 bytes) @ 0x0000018fea748664 [0x0000018fea748560+0x0000000000000104]
j  org.springframework.data.repository.core.support.RepositoryMethodInvoker$RepositoryFragmentMethodInvoker.lambda$new$0(Lorg/springframework/data/repository/core/support/RepositoryMethodInvoker$RepositoryFragmentMethodInvoker$CoroutineAdapterInformation;Ljava/lang/reflect/Method;Ljava/lang/Object;[Ljava/lang/Object;)Ljava/lang/Object;+38
j  org.springframework.data.repository.core.support.RepositoryMethodInvoker$RepositoryFragmentMethodInvoker$$Lambda$1524+0x0000000801742e58.invoke([Ljava/lang/Object;)Ljava/lang/Object;+13
j  org.springframework.data.repository.core.support.RepositoryMethodInvoker.doInvoke(Ljava/lang/Class;Lorg/springframework/data/repository/core/support/RepositoryInvocationMulticaster;[Ljava/lang/Object;)Ljava/lang/Object;+11
j  org.springframework.data.repository.core.support.RepositoryMethodInvoker.invoke(Ljava/lang/Class;Lorg/springframework/data/repository/core/support/RepositoryInvocationMulticaster;[Ljava/lang/Object;)Ljava/lang/Object;+21
j  org.springframework.data.repository.core.support.RepositoryComposition$RepositoryFragments.invoke(Ljava/lang/Class;Lorg/springframework/data/repository/core/support/RepositoryInvocationMulticaster;Ljava/lang/reflect/Method;Ljava/lang/reflect/Method;[Ljava/lang/Object;)Ljava/lang/Object;+113
j  org.springframework.data.repository.core.support.RepositoryComposition.invoke(Lorg/springframework/data/repository/core/support/RepositoryInvocationMulticaster;Ljava/lang/reflect/Method;[Ljava/lang/Object;)Ljava/lang/Object;+84
j  org.springframework.data.repository.core.support.RepositoryFactorySupport$ImplementationMethodExecutionInterceptor.invoke(Lorg/aopalliance/intercept/MethodInvocation;)Ljava/lang/Object;+24
j  org.springframework.aop.framework.ReflectiveMethodInvocation.proceed()Ljava/lang/Object;+120
j  org.springframework.data.repository.core.support.QueryExecutorMethodInterceptor.doInvoke(Lorg/aopalliance/intercept/MethodInvocation;)Ljava/lang/Object;+88
j  org.springframework.data.repository.core.support.QueryExecutorMethodInterceptor.invoke(Lorg/aopalliance/intercept/MethodInvocation;)Ljava/lang/Object;+25
j  org.springframework.aop.framework.ReflectiveMethodInvocation.proceed()Ljava/lang/Object;+120
j  org.springframework.data.projection.DefaultMethodInvokingMethodInterceptor.invoke(Lorg/aopalliance/intercept/MethodInvocation;)Ljava/lang/Object;+15
j  org.springframework.aop.framework.ReflectiveMethodInvocation.proceed()Ljava/lang/Object;+120
j  org.springframework.transaction.interceptor.TransactionInterceptor$1.proceedWithInvocation()Ljava/lang/Object;+4
j  org.springframework.transaction.interceptor.TransactionAspectSupport.invokeWithinTransaction(Ljava/lang/reflect/Method;Ljava/lang/Class;Lorg/springframework/transaction/interceptor/TransactionAspectSupport$InvocationCallback;)Ljava/lang/Object;+292
j  org.springframework.transaction.interceptor.TransactionInterceptor.invoke(Lorg/aopalliance/intercept/MethodInvocation;)Ljava/lang/Object;+40
j  org.springframework.aop.framework.ReflectiveMethodInvocation.proceed()Ljava/lang/Object;+120
j  org.springframework.dao.support.PersistenceExceptionTranslationInterceptor.invoke(Lorg/aopalliance/intercept/MethodInvocation;)Ljava/lang/Object;+1
j  org.springframework.aop.framework.ReflectiveMethodInvocation.proceed()Ljava/lang/Object;+120
j  org.springframework.data.jpa.repository.support.CrudMethodMetadataPostProcessor$CrudMethodMetadataPopulatingMethodInterceptor.invoke(Lorg/aopalliance/intercept/MethodInvocation;)Ljava/lang/Object;+139
j  org.springframework.aop.framework.ReflectiveMethodInvocation.proceed()Ljava/lang/Object;+120
j  org.springframework.aop.interceptor.ExposeInvocationInterceptor.invoke(Lorg/aopalliance/intercept/MethodInvocation;)Ljava/lang/Object;+18
j  org.springframework.aop.framework.ReflectiveMethodInvocation.proceed()Ljava/lang/Object;+120
j  org.springframework.aop.framework.JdkDynamicAopProxy.invoke(Ljava/lang/Object;Ljava/lang/reflect/Method;[Ljava/lang/Object;)Ljava/lang/Object;+386
j  jdk.proxy2.$Proxy134.findAll()Ljava/util/List;+9 jdk.proxy2
j  pe.edu.vallegrande.cassiatec.service.TurnServiceImpl.ListaTurno()Ljava/util/List;+4
j  pe.edu.vallegrande.cassiatec.controller.StudentController.listaturn()Ljava/util/List;+4
v  ~StubRoutines::call_stub
J 4730  jdk.internal.reflect.NativeMethodAccessorImpl.invoke0(Ljava/lang/reflect/Method;Ljava/lang/Object;[Ljava/lang/Object;)Ljava/lang/Object; java.base@17.0.5 (0 bytes) @ 0x0000018fea8553a7 [0x0000018fea855320+0x0000000000000087]
J 4729 c1 jdk.internal.reflect.NativeMethodAccessorImpl.invoke(Ljava/lang/Object;[Ljava/lang/Object;)Ljava/lang/Object; java.base@17.0.5 (137 bytes) @ 0x0000018fea856694 [0x0000018fea856380+0x0000000000000314]
J 3766 c1 jdk.internal.reflect.DelegatingMethodAccessorImpl.invoke(Ljava/lang/Object;[Ljava/lang/Object;)Ljava/lang/Object; java.base@17.0.5 (10 bytes) @ 0x0000018fea6ae264 [0x0000018fea6ae220+0x0000000000000044]
J 4139 c1 java.lang.reflect.Method.invoke(Ljava/lang/Object;[Ljava/lang/Object;)Ljava/lang/Object; java.base@17.0.5 (65 bytes) @ 0x0000018fea748664 [0x0000018fea748560+0x0000000000000104]
j  org.springframework.web.method.support.InvocableHandlerMethod.doInvoke([Ljava/lang/Object;)Ljava/lang/Object;+29
j  org.springframework.web.method.support.InvocableHandlerMethod.invokeForRequest(Lorg/springframework/web/context/request/NativeWebRequest;Lorg/springframework/web/method/support/ModelAndViewContainer;[Ljava/lang/Object;)Ljava/lang/Object;+41
j  org.springframework.web.servlet.mvc.method.annotation.ServletInvocableHandlerMethod.invokeAndHandle(Lorg/springframework/web/context/request/ServletWebRequest;Lorg/springframework/web/method/support/ModelAndViewContainer;[Ljava/lang/Object;)V+4
j  org.springframework.web.servlet.mvc.method.annotation.RequestMappingHandlerAdapter.invokeHandlerMethod(Ljakarta/servlet/http/HttpServletRequest;Ljakarta/servlet/http/HttpServletResponse;Lorg/springframework/web/method/HandlerMethod;)Lorg/springframework/web/servlet/ModelAndView;+244
j  org.springframework.web.servlet.mvc.method.annotation.RequestMappingHandlerAdapter.handleInternal(Ljakarta/servlet/http/HttpServletRequest;Ljakarta/servlet/http/HttpServletResponse;Lorg/springframework/web/method/HandlerMethod;)Lorg/springframework/web/servlet/ModelAndView;+81
j  org.springframework.web.servlet.mvc.method.AbstractHandlerMethodAdapter.handle(Ljakarta/servlet/http/HttpServletRequest;Ljakarta/servlet/http/HttpServletResponse;Ljava/lang/Object;)Lorg/springframework/web/servlet/ModelAndView;+7
j  org.springframework.web.servlet.DispatcherServlet.doDispatch(Ljakarta/servlet/http/HttpServletRequest;Ljakarta/servlet/http/HttpServletResponse;)V+259
j  org.springframework.web.servlet.DispatcherServlet.doService(Ljakarta/servlet/http/HttpServletRequest;Ljakarta/servlet/http/HttpServletResponse;)V+242
j  org.springframework.web.servlet.FrameworkServlet.processRequest(Ljakarta/servlet/http/HttpServletRequest;Ljakarta/servlet/http/HttpServletResponse;)V+70
j  org.springframework.web.servlet.FrameworkServlet.doGet(Ljakarta/servlet/http/HttpServletRequest;Ljakarta/servlet/http/HttpServletResponse;)V+3
j  jakarta.servlet.http.HttpServlet.service(Ljakarta/servlet/http/HttpServletRequest;Ljakarta/servlet/http/HttpServletResponse;)V+35
j  org.springframework.web.servlet.FrameworkServlet.service(Ljakarta/servlet/http/HttpServletRequest;Ljakarta/servlet/http/HttpServletResponse;)V+20
j  jakarta.servlet.http.HttpServlet.service(Ljakarta/servlet/ServletRequest;Ljakarta/servlet/ServletResponse;)V+36
j  org.apache.catalina.core.ApplicationFilterChain.internalDoFilter(Ljakarta/servlet/ServletRequest;Ljakarta/servlet/ServletResponse;)V+305
j  org.apache.catalina.core.ApplicationFilterChain.doFilter(Ljakarta/servlet/ServletRequest;Ljakarta/servlet/ServletResponse;)V+99
j  org.apache.tomcat.websocket.server.WsFilter.doFilter(Ljakarta/servlet/ServletRequest;Ljakarta/servlet/ServletResponse;Ljakarta/servlet/FilterChain;)V+21
j  org.apache.catalina.core.ApplicationFilterChain.internalDoFilter(Ljakarta/servlet/ServletRequest;Ljakarta/servlet/ServletResponse;)V+135
j  org.apache.catalina.core.ApplicationFilterChain.doFilter(Ljakarta/servlet/ServletRequest;Ljakarta/servlet/ServletResponse;)V+99
j  org.springframework.web.filter.RequestContextFilter.doFilterInternal(Ljakarta/servlet/http/HttpServletRequest;Ljakarta/servlet/http/HttpServletResponse;Ljakarta/servlet/FilterChain;)V+21
j  org.springframework.web.filter.OncePerRequestFilter.doFilter(Ljakarta/servlet/ServletRequest;Ljakarta/servlet/ServletResponse;Ljakarta/servlet/FilterChain;)V+150
j  org.apache.catalina.core.ApplicationFilterChain.internalDoFilter(Ljakarta/servlet/ServletRequest;Ljakarta/servlet/ServletResponse;)V+135
j  org.apache.catalina.core.ApplicationFilterChain.doFilter(Ljakarta/servlet/ServletRequest;Ljakarta/servlet/ServletResponse;)V+99
j  org.springframework.web.filter.FormContentFilter.doFilterInternal(Ljakarta/servlet/http/HttpServletRequest;Ljakarta/servlet/http/HttpServletResponse;Ljakarta/servlet/FilterChain;)V+38
j  org.springframework.web.filter.OncePerRequestFilter.doFilter(Ljakarta/servlet/ServletRequest;Ljakarta/servlet/ServletResponse;Ljakarta/servlet/FilterChain;)V+150
j  org.apache.catalina.core.ApplicationFilterChain.internalDoFilter(Ljakarta/servlet/ServletRequest;Ljakarta/servlet/ServletResponse;)V+135
j  org.apache.catalina.core.ApplicationFilterChain.doFilter(Ljakarta/servlet/ServletRequest;Ljakarta/servlet/ServletResponse;)V+99
j  org.springframework.web.filter.CharacterEncodingFilter.doFilterInternal(Ljakarta/servlet/http/HttpServletRequest;Ljakarta/servlet/http/HttpServletResponse;Ljakarta/servlet/FilterChain;)V+53
j  org.springframework.web.filter.OncePerRequestFilter.doFilter(Ljakarta/servlet/ServletRequest;Ljakarta/servlet/ServletResponse;Ljakarta/servlet/FilterChain;)V+150
j  org.apache.catalina.core.ApplicationFilterChain.internalDoFilter(Ljakarta/servlet/ServletRequest;Ljakarta/servlet/ServletResponse;)V+135
j  org.apache.catalina.core.ApplicationFilterChain.doFilter(Ljakarta/servlet/ServletRequest;Ljakarta/servlet/ServletResponse;)V+99
j  org.apache.catalina.core.StandardWrapperValve.invoke(Lorg/apache/catalina/connector/Request;Lorg/apache/catalina/connector/Response;)V+514
j  org.apache.catalina.core.StandardContextValve.invoke(Lorg/apache/catalina/connector/Request;Lorg/apache/catalina/connector/Response;)V+169
j  org.apache.catalina.authenticator.AuthenticatorBase.invoke(Lorg/apache/catalina/connector/Request;Lorg/apache/catalina/connector/Response;)V+218
j  org.apache.catalina.core.StandardHostValve.invoke(Lorg/apache/catalina/connector/Request;Lorg/apache/catalina/connector/Response;)V+131
j  org.apache.catalina.valves.ErrorReportValve.invoke(Lorg/apache/catalina/connector/Request;Lorg/apache/catalina/connector/Response;)V+6
j  org.apache.catalina.core.StandardEngineValve.invoke(Lorg/apache/catalina/connector/Request;Lorg/apache/catalina/connector/Response;)V+59
j  org.apache.catalina.connector.CoyoteAdapter.service(Lorg/apache/coyote/Request;Lorg/apache/coyote/Response;)V+187
j  org.apache.coyote.http11.Http11Processor.service(Lorg/apache/tomcat/util/net/SocketWrapperBase;)Lorg/apache/tomcat/util/net/AbstractEndpoint$Handler$SocketState;+785
j  org.apache.coyote.AbstractProcessorLight.process(Lorg/apache/tomcat/util/net/SocketWrapperBase;Lorg/apache/tomcat/util/net/SocketEvent;)Lorg/apache/tomcat/util/net/AbstractEndpoint$Handler$SocketState;+152
j  org.apache.coyote.AbstractProtocol$ConnectionHandler.process(Lorg/apache/tomcat/util/net/SocketWrapperBase;Lorg/apache/tomcat/util/net/SocketEvent;)Lorg/apache/tomcat/util/net/AbstractEndpoint$Handler$SocketState;+482
j  org.apache.tomcat.util.net.NioEndpoint$SocketProcessor.doRun()V+249
j  org.apache.tomcat.util.net.SocketProcessorBase.run()V+32
j  org.apache.tomcat.util.threads.ThreadPoolExecutor.runWorker(Lorg/apache/tomcat/util/threads/ThreadPoolExecutor$Worker;)V+92
j  org.apache.tomcat.util.threads.ThreadPoolExecutor$Worker.run()V+5
j  org.apache.tomcat.util.threads.TaskThread$WrappingRunnable.run()V+4
j  java.lang.Thread.run()V+11 java.base@17.0.5
v  ~StubRoutines::call_stub

---------------  P R O C E S S  ---------------

Threads class SMR info:
_java_thread_list=0x0000018ff7f9b560, length=52, elements={
0x0000018fe0f79050, 0x0000018fe0f7acb0, 0x0000018ff19769f0, 0x0000018ff1977770,
0x0000018ff1979330, 0x0000018ff197bdf0, 0x0000018ff197d860, 0x0000018ff19afcc0,
0x0000018ff24182e0, 0x0000018ff2458210, 0x0000018ff2987f40, 0x0000018ff2981ce0,
0x0000018ff29907e0, 0x0000018ff29910c0, 0x0000018ff2a28310, 0x0000018ff2a33500,
0x0000018ff2abee50, 0x0000018ff48c9530, 0x0000018ff48cbbb0, 0x0000018ff48c9a00,
0x0000018ff48cc080, 0x0000018ff48ca870, 0x0000018ff48cc550, 0x0000018ff48ca3a0,
0x0000018ff48cb6e0, 0x0000018ff48cca20, 0x0000018ff48c9060, 0x0000018ff76ecc60,
0x0000018ff76f1490, 0x0000018ff76efc80, 0x0000018ff76f0150, 0x0000018ff76ed130,
0x0000018ff76eb450, 0x0000018ff76ef7b0, 0x0000018ff76ea110, 0x0000018ff76f0620,
0x0000018ff76f0fc0, 0x0000018ff76edfa0, 0x0000018ff76f0af0, 0x0000018ff76ed600,
0x0000018ff76e9c40, 0x0000018ff76ea5e0, 0x0000018ff76edad0, 0x0000018ff76ee470,
0x0000018ff76ef2e0, 0x0000018ff76eaab0, 0x0000018ff76eaf80, 0x0000018ff76eb920,
0x0000018ff76ee940, 0x0000018ff76ebdf0, 0x0000018ff76eee10, 0x0000018ff76ec2c0
}

Java Threads: ( => current thread )
  0x0000018fe0f79050 JavaThread "Reference Handler" daemon [_thread_blocked, id=24180, stack(0x0000008ceac00000,0x0000008cead00000)]
  0x0000018fe0f7acb0 JavaThread "Finalizer" daemon [_thread_blocked, id=11188, stack(0x0000008cead00000,0x0000008ceae00000)]
  0x0000018ff19769f0 JavaThread "Signal Dispatcher" daemon [_thread_blocked, id=26632, stack(0x0000008ceae00000,0x0000008ceaf00000)]
  0x0000018ff1977770 JavaThread "Attach Listener" daemon [_thread_blocked, id=30488, stack(0x0000008ceaf00000,0x0000008ceb000000)]
  0x0000018ff1979330 JavaThread "Service Thread" daemon [_thread_blocked, id=29384, stack(0x0000008ceb000000,0x0000008ceb100000)]
  0x0000018ff197bdf0 JavaThread "Monitor Deflation Thread" daemon [_thread_blocked, id=484, stack(0x0000008ceb100000,0x0000008ceb200000)]
  0x0000018ff197d860 JavaThread "C1 CompilerThread0" daemon [_thread_blocked, id=28992, stack(0x0000008ceb200000,0x0000008ceb300000)]
  0x0000018ff19afcc0 JavaThread "Sweeper thread" daemon [_thread_blocked, id=29052, stack(0x0000008ceb300000,0x0000008ceb400000)]
  0x0000018ff24182e0 JavaThread "Common-Cleaner" daemon [_thread_blocked, id=18120, stack(0x0000008ceb400000,0x0000008ceb500000)]
  0x0000018ff2458210 JavaThread "Notification Thread" daemon [_thread_blocked, id=524, stack(0x0000008ceb500000,0x0000008ceb600000)]
  0x0000018ff2987f40 JavaThread "RMI TCP Accept-0" daemon [_thread_in_native, id=28128, stack(0x0000008ceb600000,0x0000008ceb700000)]
  0x0000018ff2981ce0 JavaThread "RMI TCP Accept-60783" daemon [_thread_in_native, id=25660, stack(0x0000008ceb700000,0x0000008ceb800000)]
  0x0000018ff29907e0 JavaThread "RMI TCP Accept-0" daemon [_thread_in_native, id=29968, stack(0x0000008ceb800000,0x0000008ceb900000)]
  0x0000018ff29910c0 JavaThread "RMI TCP Connection(3)-127.0.0.1" daemon [_thread_in_native, id=27896, stack(0x0000008ceba00000,0x0000008cebb00000)]
  0x0000018ff2a28310 JavaThread "RMI Scheduler(0)" daemon [_thread_blocked, id=28636, stack(0x0000008cebb00000,0x0000008cebc00000)]
  0x0000018ff2a33500 JavaThread "RMI TCP Connection(2)-127.0.0.1" daemon [_thread_in_native, id=28848, stack(0x0000008cebc00000,0x0000008cebd00000)]
  0x0000018ff2abee50 JavaThread "JMX server connection timeout 21" daemon [_thread_blocked, id=30196, stack(0x0000008cec100000,0x0000008cec200000)]
  0x0000018ff48c9530 JavaThread "Catalina-utility-1" [_thread_blocked, id=19596, stack(0x0000008cec300000,0x0000008cec400000)]
  0x0000018ff48cbbb0 JavaThread "Catalina-utility-2" [_thread_blocked, id=10736, stack(0x0000008cec400000,0x0000008cec500000)]
  0x0000018ff48c9a00 JavaThread "container-0" [_thread_blocked, id=24964, stack(0x0000008cec500000,0x0000008cec600000)]
  0x0000018ff48cc080 JavaThread "oracle.jdbc.driver.BlockSource.ThreadedCachingBlockSource.BlockReleaser" daemon [_thread_blocked, id=29372, stack(0x0000008cec600000,0x0000008cec700000)]
  0x0000018ff48ca870 JavaThread "InterruptTimer" daemon [_thread_blocked, id=26040, stack(0x0000008cec700000,0x0000008cec800000)]
  0x0000018ff48cc550 JavaThread "OJDBC-WORKER-THREAD-1" daemon [_thread_blocked, id=18536, stack(0x0000008cec800000,0x0000008cec900000)]
  0x0000018ff48ca3a0 JavaThread "HikariPool-1 housekeeper" daemon [_thread_blocked, id=30336, stack(0x0000008cec900000,0x0000008ceca00000)]
  0x0000018ff48cb6e0 JavaThread "OJDBC-WORKER-THREAD-2" daemon [_thread_blocked, id=24464, stack(0x0000008cecf00000,0x0000008ced000000)]
  0x0000018ff48cca20 JavaThread "OJDBC-WORKER-THREAD-3" daemon [_thread_blocked, id=22880, stack(0x0000008ceca00000,0x0000008cecb00000)]
  0x0000018ff48c9060 JavaThread "OJDBC-WORKER-THREAD-4" daemon [_thread_blocked, id=30064, stack(0x0000008cecc00000,0x0000008cecd00000)]
  0x0000018ff76ecc60 JavaThread "OJDBC-WORKER-THREAD-5" daemon [_thread_blocked, id=30172, stack(0x0000008ced000000,0x0000008ced100000)]
  0x0000018ff76f1490 JavaThread "OJDBC-WORKER-THREAD-6" daemon [_thread_blocked, id=7928, stack(0x0000008ced100000,0x0000008ced200000)]
  0x0000018ff76efc80 JavaThread "OJDBC-WORKER-THREAD-7" daemon [_thread_blocked, id=17568, stack(0x0000008ced300000,0x0000008ced400000)]
  0x0000018ff76f0150 JavaThread "OJDBC-WORKER-THREAD-8" daemon [_thread_blocked, id=30616, stack(0x0000008ced500000,0x0000008ced600000)]
  0x0000018ff76ed130 JavaThread "OJDBC-WORKER-THREAD-9" daemon [_thread_blocked, id=30296, stack(0x0000008cec200000,0x0000008cec300000)]
  0x0000018ff76eb450 JavaThread "OJDBC-WORKER-THREAD-10" daemon [_thread_blocked, id=28808, stack(0x0000008ced600000,0x0000008ced700000)]
  0x0000018ff76ef7b0 JavaThread "http-nio-8085-exec-1" daemon [_thread_blocked, id=24144, stack(0x0000008cece00000,0x0000008cecf00000)]
  0x0000018ff76ea110 JavaThread "http-nio-8085-exec-2" daemon [_thread_blocked, id=23612, stack(0x0000008ced700000,0x0000008ced800000)]
  0x0000018ff76f0620 JavaThread "http-nio-8085-exec-3" daemon [_thread_blocked, id=13544, stack(0x0000008ced800000,0x0000008ced900000)]
=>0x0000018ff76f0fc0 JavaThread "http-nio-8085-exec-4" daemon [_thread_in_vm, id=14224, stack(0x0000008ced900000,0x0000008ceda00000)]
  0x0000018ff76edfa0 JavaThread "http-nio-8085-exec-5" daemon [_thread_blocked, id=29720, stack(0x0000008ceda00000,0x0000008cedb00000)]
  0x0000018ff76f0af0 JavaThread "http-nio-8085-exec-6" daemon [_thread_blocked, id=30432, stack(0x0000008cedb00000,0x0000008cedc00000)]
  0x0000018ff76ed600 JavaThread "http-nio-8085-exec-7" daemon [_thread_blocked, id=29604, stack(0x0000008cedc00000,0x0000008cedd00000)]
  0x0000018ff76e9c40 JavaThread "http-nio-8085-exec-8" daemon [_thread_blocked, id=11640, stack(0x0000008cedd00000,0x0000008cede00000)]
  0x0000018ff76ea5e0 JavaThread "http-nio-8085-exec-9" daemon [_thread_blocked, id=28016, stack(0x0000008cede00000,0x0000008cedf00000)]
  0x0000018ff76edad0 JavaThread "http-nio-8085-exec-10" daemon [_thread_blocked, id=30036, stack(0x0000008cedf00000,0x0000008cee000000)]
  0x0000018ff76ee470 JavaThread "http-nio-8085-Poller" daemon [_thread_in_native, id=30404, stack(0x0000008cee000000,0x0000008cee100000)]
  0x0000018ff76ef2e0 JavaThread "http-nio-8085-Acceptor" daemon [_thread_in_native, id=29184, stack(0x0000008cee100000,0x0000008cee200000)]
  0x0000018ff76eaab0 JavaThread "DestroyJavaVM" [_thread_blocked, id=29976, stack(0x0000008cea500000,0x0000008cea600000)]
  0x0000018ff76eaf80 JavaThread "RMI TCP Connection(5)-127.0.0.1" daemon [_thread_in_native, id=3592, stack(0x0000008cee200000,0x0000008cee300000)]
  0x0000018ff76eb920 JavaThread "RMI TCP Connection(4)-127.0.0.1" daemon [_thread_in_native, id=2880, stack(0x0000008cee300000,0x0000008cee400000)]
  0x0000018ff76ee940 JavaThread "RMI TCP Connection(6)-127.0.0.1" daemon [_thread_in_native, id=25408, stack(0x0000008cee400000,0x0000008cee500000)]
  0x0000018ff76ebdf0 JavaThread "RMI TCP Connection(7)-127.0.0.1" daemon [_thread_in_native, id=30656, stack(0x0000008cee500000,0x0000008cee600000)]
  0x0000018ff76eee10 JavaThread "ONS-task-thread-136" daemon [_thread_in_native, id=30256, stack(0x0000008cea200000,0x0000008cea300000)]
  0x0000018ff76ec2c0 JavaThread "HikariPool-1 connection adder" daemon [_thread_blocked, id=8084, stack(0x0000008cea300000,0x0000008cea400000)]

Other Threads:
  0x0000018fe0f70010 VMThread "VM Thread" [stack: 0x0000008ceab00000,0x0000008ceac00000] [id=29164]
  0x0000018fe0ed3960 WatcherThread [stack: 0x0000008ceb900000,0x0000008ceba00000] [id=28768]
  0x0000018fe0f084b0 GCTaskThread "GC Thread#0" [stack: 0x0000008cea600000,0x0000008cea700000] [id=30600]
  0x0000018ff2a949c0 GCTaskThread "GC Thread#1" [stack: 0x0000008cebd00000,0x0000008cebe00000] [id=22700]
  0x0000018ff2ab2c20 GCTaskThread "GC Thread#2" [stack: 0x0000008cebe00000,0x0000008cebf00000] [id=20768]
  0x0000018ff2ab2ed0 GCTaskThread "GC Thread#3" [stack: 0x0000008cebf00000,0x0000008cec000000] [id=3032]
  0x0000018fe0f0ffb0 ConcurrentGCThread "G1 Main Marker" [stack: 0x0000008cea700000,0x0000008cea800000] [id=10508]
  0x0000018fe0f109c0 ConcurrentGCThread "G1 Conc#0" [stack: 0x0000008cea800000,0x0000008cea900000] [id=26940]
  0x0000018fe0f4ead0 ConcurrentGCThread "G1 Refine#0" [stack: 0x0000008cea900000,0x0000008ceaa00000] [id=30464]
  0x0000018ff2985790 ConcurrentGCThread "G1 Refine#1" [stack: 0x0000008cec000000,0x0000008cec100000] [id=18724]
  0x0000018fe0f4f4f0 ConcurrentGCThread "G1 Service" [stack: 0x0000008ceaa00000,0x0000008ceab00000] [id=25728]

Threads with active compile tasks:

VM state: not at safepoint (normal execution)

VM Mutex/Monitor currently owned by a thread:  ([mutex/lock_event])
[0x0000018fe0ecb1d0] Metaspace_lock - owner thread: 0x0000018ff76f0fc0

Heap address: 0x00000000ca200000, size: 862 MB, Compressed Oops mode: 32-bit

CDS archive(s) mapped at: [0x0000000800000000-0x0000000800bd0000-0x0000000800bd0000), size 12386304, SharedBaseAddress: 0x0000000800000000, ArchiveRelocationMode: 0.
Compressed class space mapped at: 0x0000000800c00000-0x0000000840c00000, reserved size: 1073741824
Narrow klass base: 0x0000000800000000, Narrow klass shift: 0, Narrow klass range: 0x100000000

GC Precious Log:
 CPUs: 4 total, 4 available
 Memory: 3445M
 Large Page Support: Disabled
 NUMA Support: Disabled
 Compressed Oops: Enabled (32-bit)
 Heap Region Size: 1M
 Heap Min Capacity: 8M
 Heap Initial Capacity: 54M
 Heap Max Capacity: 862M
 Pre-touch: Disabled
 Parallel Workers: 4
 Concurrent Workers: 1
 Concurrent Refinement Workers: 4
 Periodic GC: Disabled

Heap:
 garbage-first heap   total 118784K, used 85714K [0x00000000ca200000, 0x0000000100000000)
  region size 1024K, 26 young (26624K), 5 survivors (5120K)
 Metaspace       used 80012K, committed 80576K, reserved 1122304K
  class space    used 11463K, committed 11712K, reserved 1048576K

Heap Regions: E=young(eden), S=young(survivor), O=old, HS=humongous(starts), HC=humongous(continues), CS=collection set, F=free, OA=open archive, CA=closed archive, TAMS=top-at-mark-start (previous, next)
|   0|0x00000000ca200000, 0x00000000ca300000, 0x00000000ca300000|100%|HS|  |TAMS 0x00000000ca300000, 0x00000000ca200000| Complete 
|   1|0x00000000ca300000, 0x00000000ca400000, 0x00000000ca400000|100%| O|  |TAMS 0x00000000ca400000, 0x00000000ca300000| Untracked 
|   2|0x00000000ca400000, 0x00000000ca500000, 0x00000000ca500000|100%| O|  |TAMS 0x00000000ca500000, 0x00000000ca400000| Untracked 
|   3|0x00000000ca500000, 0x00000000ca600000, 0x00000000ca600000|100%| O|  |TAMS 0x00000000ca600000, 0x00000000ca500000| Untracked 
|   4|0x00000000ca600000, 0x00000000ca700000, 0x00000000ca700000|100%| O|  |TAMS 0x00000000ca700000, 0x00000000ca600000| Untracked 
|   5|0x00000000ca700000, 0x00000000ca800000, 0x00000000ca800000|100%| O|  |TAMS 0x00000000ca800000, 0x00000000ca700000| Untracked 
|   6|0x00000000ca800000, 0x00000000ca900000, 0x00000000ca900000|100%| O|  |TAMS 0x00000000ca900000, 0x00000000ca800000| Untracked 
|   7|0x00000000ca900000, 0x00000000caa00000, 0x00000000caa00000|100%| O|  |TAMS 0x00000000caa00000, 0x00000000ca900000| Untracked 
|   8|0x00000000caa00000, 0x00000000cab00000, 0x00000000cab00000|100%| O|  |TAMS 0x00000000cab00000, 0x00000000caa00000| Untracked 
|   9|0x00000000cab00000, 0x00000000cac00000, 0x00000000cac00000|100%| O|  |TAMS 0x00000000cac00000, 0x00000000cab00000| Untracked 
|  10|0x00000000cac00000, 0x00000000cad00000, 0x00000000cad00000|100%| O|  |TAMS 0x00000000cad00000, 0x00000000cac00000| Untracked 
|  11|0x00000000cad00000, 0x00000000cae00000, 0x00000000cae00000|100%| O|  |TAMS 0x00000000cae00000, 0x00000000cad00000| Untracked 
|  12|0x00000000cae00000, 0x00000000caf00000, 0x00000000caf00000|100%| O|  |TAMS 0x00000000caf00000, 0x00000000cae00000| Untracked 
|  13|0x00000000caf00000, 0x00000000cb000000, 0x00000000cb000000|100%| O|  |TAMS 0x00000000cb000000, 0x00000000caf00000| Untracked 
|  14|0x00000000cb000000, 0x00000000cb100000, 0x00000000cb100000|100%| O|  |TAMS 0x00000000cb100000, 0x00000000cb000000| Untracked 
|  15|0x00000000cb100000, 0x00000000cb200000, 0x00000000cb200000|100%| O|  |TAMS 0x00000000cb200000, 0x00000000cb100000| Untracked 
|  16|0x00000000cb200000, 0x00000000cb300000, 0x00000000cb300000|100%| O|  |TAMS 0x00000000cb300000, 0x00000000cb200000| Untracked 
|  17|0x00000000cb300000, 0x00000000cb400000, 0x00000000cb400000|100%| O|  |TAMS 0x00000000cb400000, 0x00000000cb300000| Untracked 
|  18|0x00000000cb400000, 0x00000000cb500000, 0x00000000cb500000|100%| O|  |TAMS 0x00000000cb500000, 0x00000000cb400000| Untracked 
|  19|0x00000000cb500000, 0x00000000cb600000, 0x00000000cb600000|100%| O|  |TAMS 0x00000000cb600000, 0x00000000cb500000| Untracked 
|  20|0x00000000cb600000, 0x00000000cb700000, 0x00000000cb700000|100%| O|  |TAMS 0x00000000cb700000, 0x00000000cb600000| Untracked 
|  21|0x00000000cb700000, 0x00000000cb800000, 0x00000000cb800000|100%| O|  |TAMS 0x00000000cb800000, 0x00000000cb700000| Untracked 
|  22|0x00000000cb800000, 0x00000000cb900000, 0x00000000cb900000|100%| O|  |TAMS 0x00000000cb900000, 0x00000000cb800000| Untracked 
|  23|0x00000000cb900000, 0x00000000cba00000, 0x00000000cba00000|100%| O|  |TAMS 0x00000000cba00000, 0x00000000cb900000| Untracked 
|  24|0x00000000cba00000, 0x00000000cbb00000, 0x00000000cbb00000|100%| O|  |TAMS 0x00000000cbb00000, 0x00000000cba00000| Untracked 
|  25|0x00000000cbb00000, 0x00000000cbc00000, 0x00000000cbc00000|100%| O|  |TAMS 0x00000000cbc00000, 0x00000000cbb00000| Untracked 
|  26|0x00000000cbc00000, 0x00000000cbd00000, 0x00000000cbd00000|100%| O|  |TAMS 0x00000000cbd00000, 0x00000000cbc00000| Untracked 
|  27|0x00000000cbd00000, 0x00000000cbe00000, 0x00000000cbe00000|100%| O|  |TAMS 0x00000000cbe00000, 0x00000000cbd00000| Untracked 
|  28|0x00000000cbe00000, 0x00000000cbf00000, 0x00000000cbf00000|100%| O|  |TAMS 0x00000000cbf00000, 0x00000000cbe00000| Untracked 
|  29|0x00000000cbf00000, 0x00000000cc000000, 0x00000000cc000000|100%| O|  |TAMS 0x00000000cc000000, 0x00000000cbf00000| Untracked 
|  30|0x00000000cc000000, 0x00000000cc100000, 0x00000000cc100000|100%| O|  |TAMS 0x00000000cc100000, 0x00000000cc000000| Untracked 
|  31|0x00000000cc100000, 0x00000000cc200000, 0x00000000cc200000|100%| O|  |TAMS 0x00000000cc200000, 0x00000000cc100000| Untracked 
|  32|0x00000000cc200000, 0x00000000cc300000, 0x00000000cc300000|100%| O|  |TAMS 0x00000000cc300000, 0x00000000cc200000| Untracked 
|  33|0x00000000cc300000, 0x00000000cc300000, 0x00000000cc400000|  0%| F|  |TAMS 0x00000000cc300000, 0x00000000cc300000| Untracked 
|  34|0x00000000cc400000, 0x00000000cc500000, 0x00000000cc500000|100%| O|  |TAMS 0x00000000cc500000, 0x00000000cc400000| Untracked 
|  35|0x00000000cc500000, 0x00000000cc600000, 0x00000000cc600000|100%|HS|  |TAMS 0x00000000cc500000, 0x00000000cc500000| Complete 
|  36|0x00000000cc600000, 0x00000000cc700000, 0x00000000cc700000|100%| O|  |TAMS 0x00000000cc600000, 0x00000000cc600000| Untracked 
|  37|0x00000000cc700000, 0x00000000cc800000, 0x00000000cc800000|100%| O|  |TAMS 0x00000000cc800000, 0x00000000cc700000| Untracked 
|  38|0x00000000cc800000, 0x00000000cc900000, 0x00000000cc900000|100%| O|  |TAMS 0x00000000cc800000, 0x00000000cc800000| Untracked 
|  39|0x00000000cc900000, 0x00000000cca00000, 0x00000000cca00000|100%| O|  |TAMS 0x00000000cc900000, 0x00000000cc900000| Untracked 
|  40|0x00000000cca00000, 0x00000000ccb00000, 0x00000000ccb00000|100%| O|  |TAMS 0x00000000cca00000, 0x00000000cca00000| Untracked 
|  41|0x00000000ccb00000, 0x00000000ccc00000, 0x00000000ccc00000|100%| O|  |TAMS 0x00000000ccc00000, 0x00000000ccb00000| Untracked 
|  42|0x00000000ccc00000, 0x00000000ccd00000, 0x00000000ccd00000|100%| O|  |TAMS 0x00000000ccd00000, 0x00000000ccc00000| Untracked 
|  43|0x00000000ccd00000, 0x00000000cce00000, 0x00000000cce00000|100%| O|  |TAMS 0x00000000cce00000, 0x00000000ccd00000| Untracked 
|  44|0x00000000cce00000, 0x00000000ccf00000, 0x00000000ccf00000|100%| O|  |TAMS 0x00000000ccf00000, 0x00000000cce00000| Untracked 
|  45|0x00000000ccf00000, 0x00000000cd000000, 0x00000000cd000000|100%| O|  |TAMS 0x00000000ccf00000, 0x00000000ccf00000| Untracked 
|  46|0x00000000cd000000, 0x00000000cd100000, 0x00000000cd100000|100%| O|  |TAMS 0x00000000cd0bec00, 0x00000000cd000000| Untracked 
|  47|0x00000000cd100000, 0x00000000cd200000, 0x00000000cd200000|100%| O|  |TAMS 0x00000000cd100000, 0x00000000cd100000| Untracked 
|  48|0x00000000cd200000, 0x00000000cd300000, 0x00000000cd300000|100%| O|  |TAMS 0x00000000cd200000, 0x00000000cd200000| Untracked 
|  49|0x00000000cd300000, 0x00000000cd400000, 0x00000000cd400000|100%| O|  |TAMS 0x00000000cd300000, 0x00000000cd300000| Untracked 
|  50|0x00000000cd400000, 0x00000000cd500000, 0x00000000cd500000|100%| O|  |TAMS 0x00000000cd400000, 0x00000000cd400000| Untracked 
|  51|0x00000000cd500000, 0x00000000cd600000, 0x00000000cd600000|100%| O|  |TAMS 0x00000000cd500000, 0x00000000cd500000| Untracked 
|  52|0x00000000cd600000, 0x00000000cd700000, 0x00000000cd700000|100%| O|  |TAMS 0x00000000cd600000, 0x00000000cd600000| Untracked 
|  53|0x00000000cd700000, 0x00000000cd800000, 0x00000000cd800000|100%| O|  |TAMS 0x00000000cd700000, 0x00000000cd700000| Untracked 
|  54|0x00000000cd800000, 0x00000000cd900000, 0x00000000cd900000|100%| O|  |TAMS 0x00000000cd800000, 0x00000000cd800000| Untracked 
|  55|0x00000000cd900000, 0x00000000cda00000, 0x00000000cda00000|100%| O|  |TAMS 0x00000000cd900000, 0x00000000cd900000| Untracked 
|  56|0x00000000cda00000, 0x00000000cdb00000, 0x00000000cdb00000|100%| O|  |TAMS 0x00000000cda00000, 0x00000000cda00000| Untracked 
|  57|0x00000000cdb00000, 0x00000000cdc00000, 0x00000000cdc00000|100%| O|  |TAMS 0x00000000cdb00000, 0x00000000cdb00000| Untracked 
|  58|0x00000000cdc00000, 0x00000000cdd00000, 0x00000000cdd00000|100%| O|  |TAMS 0x00000000cdc00000, 0x00000000cdc00000| Untracked 
|  59|0x00000000cdd00000, 0x00000000cde00000, 0x00000000cde00000|100%| O|  |TAMS 0x00000000cdd00000, 0x00000000cdd00000| Untracked 
|  60|0x00000000cde00000, 0x00000000cdeb4800, 0x00000000cdf00000| 70%| O|  |TAMS 0x00000000cde00000, 0x00000000cde00000| Untracked 
|  61|0x00000000cdf00000, 0x00000000cdf00000, 0x00000000ce000000|  0%| F|  |TAMS 0x00000000cdf00000, 0x00000000cdf00000| Untracked 
|  62|0x00000000ce000000, 0x00000000ce000000, 0x00000000ce100000|  0%| F|  |TAMS 0x00000000ce000000, 0x00000000ce000000| Untracked 
|  63|0x00000000ce100000, 0x00000000ce100000, 0x00000000ce200000|  0%| F|  |TAMS 0x00000000ce100000, 0x00000000ce100000| Untracked 
|  64|0x00000000ce200000, 0x00000000ce200000, 0x00000000ce300000|  0%| F|  |TAMS 0x00000000ce200000, 0x00000000ce200000| Untracked 
|  65|0x00000000ce300000, 0x00000000ce300000, 0x00000000ce400000|  0%| F|  |TAMS 0x00000000ce300000, 0x00000000ce300000| Untracked 
|  66|0x00000000ce400000, 0x00000000ce400000, 0x00000000ce500000|  0%| F|  |TAMS 0x00000000ce400000, 0x00000000ce400000| Untracked 
|  67|0x00000000ce500000, 0x00000000ce500000, 0x00000000ce600000|  0%| F|  |TAMS 0x00000000ce500000, 0x00000000ce500000| Untracked 
|  68|0x00000000ce600000, 0x00000000ce600000, 0x00000000ce700000|  0%| F|  |TAMS 0x00000000ce600000, 0x00000000ce600000| Untracked 
|  69|0x00000000ce700000, 0x00000000ce700000, 0x00000000ce800000|  0%| F|  |TAMS 0x00000000ce700000, 0x00000000ce700000| Untracked 
|  70|0x00000000ce800000, 0x00000000ce800000, 0x00000000ce900000|  0%| F|  |TAMS 0x00000000ce800000, 0x00000000ce800000| Untracked 
|  71|0x00000000ce900000, 0x00000000ce900000, 0x00000000cea00000|  0%| F|  |TAMS 0x00000000ce900000, 0x00000000ce900000| Untracked 
|  72|0x00000000cea00000, 0x00000000cea00000, 0x00000000ceb00000|  0%| F|  |TAMS 0x00000000cea00000, 0x00000000cea00000| Untracked 
|  73|0x00000000ceb00000, 0x00000000ceb00000, 0x00000000cec00000|  0%| F|  |TAMS 0x00000000ceb00000, 0x00000000ceb00000| Untracked 
|  74|0x00000000cec00000, 0x00000000cec00000, 0x00000000ced00000|  0%| F|  |TAMS 0x00000000cec00000, 0x00000000cec00000| Untracked 
|  75|0x00000000ced00000, 0x00000000ced00000, 0x00000000cee00000|  0%| F|  |TAMS 0x00000000ced00000, 0x00000000ced00000| Untracked 
|  76|0x00000000cee00000, 0x00000000cee00000, 0x00000000cef00000|  0%| F|  |TAMS 0x00000000cee00000, 0x00000000cee00000| Untracked 
|  77|0x00000000cef00000, 0x00000000cef00000, 0x00000000cf000000|  0%| F|  |TAMS 0x00000000cef00000, 0x00000000cef00000| Untracked 
|  78|0x00000000cf000000, 0x00000000cf000000, 0x00000000cf100000|  0%| F|  |TAMS 0x00000000cf000000, 0x00000000cf000000| Untracked 
|  79|0x00000000cf100000, 0x00000000cf200000, 0x00000000cf200000|100%| S|CS|TAMS 0x00000000cf100000, 0x00000000cf100000| Complete 
|  80|0x00000000cf200000, 0x00000000cf300000, 0x00000000cf300000|100%| S|CS|TAMS 0x00000000cf200000, 0x00000000cf200000| Complete 
|  81|0x00000000cf300000, 0x00000000cf400000, 0x00000000cf400000|100%| S|CS|TAMS 0x00000000cf300000, 0x00000000cf300000| Complete 
|  82|0x00000000cf400000, 0x00000000cf500000, 0x00000000cf500000|100%| S|CS|TAMS 0x00000000cf400000, 0x00000000cf400000| Complete 
|  83|0x00000000cf500000, 0x00000000cf600000, 0x00000000cf600000|100%| S|CS|TAMS 0x00000000cf500000, 0x00000000cf500000| Complete 
|  84|0x00000000cf600000, 0x00000000cf600000, 0x00000000cf700000|  0%| F|  |TAMS 0x00000000cf600000, 0x00000000cf600000| Untracked 
|  85|0x00000000cf700000, 0x00000000cf700000, 0x00000000cf800000|  0%| F|  |TAMS 0x00000000cf700000, 0x00000000cf700000| Untracked 
|  86|0x00000000cf800000, 0x00000000cf800000, 0x00000000cf900000|  0%| F|  |TAMS 0x00000000cf800000, 0x00000000cf800000| Untracked 
|  87|0x00000000cf900000, 0x00000000cf900000, 0x00000000cfa00000|  0%| F|  |TAMS 0x00000000cf900000, 0x00000000cf900000| Untracked 
|  88|0x00000000cfa00000, 0x00000000cfa00000, 0x00000000cfb00000|  0%| F|  |TAMS 0x00000000cfa00000, 0x00000000cfa00000| Untracked 
|  89|0x00000000cfb00000, 0x00000000cfb00000, 0x00000000cfc00000|  0%| F|  |TAMS 0x00000000cfb00000, 0x00000000cfb00000| Untracked 
|  90|0x00000000cfc00000, 0x00000000cfc00000, 0x00000000cfd00000|  0%| F|  |TAMS 0x00000000cfc00000, 0x00000000cfc00000| Untracked 
|  91|0x00000000cfd00000, 0x00000000cfd00000, 0x00000000cfe00000|  0%| F|  |TAMS 0x00000000cfd00000, 0x00000000cfd00000| Untracked 
|  92|0x00000000cfe00000, 0x00000000cfe00000, 0x00000000cff00000|  0%| F|  |TAMS 0x00000000cfe00000, 0x00000000cfe00000| Untracked 
|  93|0x00000000cff00000, 0x00000000cff00000, 0x00000000d0000000|  0%| F|  |TAMS 0x00000000cff00000, 0x00000000cff00000| Untracked 
|  94|0x00000000d0000000, 0x00000000d0000000, 0x00000000d0100000|  0%| F|  |TAMS 0x00000000d0000000, 0x00000000d0000000| Untracked 
|  95|0x00000000d0100000, 0x00000000d0127a48, 0x00000000d0200000| 15%| E|  |TAMS 0x00000000d0100000, 0x00000000d0100000| Complete 
|  96|0x00000000d0200000, 0x00000000d0300000, 0x00000000d0300000|100%| E|  |TAMS 0x00000000d0200000, 0x00000000d0200000| Complete 
|  97|0x00000000d0300000, 0x00000000d0400000, 0x00000000d0400000|100%| E|CS|TAMS 0x00000000d0300000, 0x00000000d0300000| Complete 
|  98|0x00000000d0400000, 0x00000000d0500000, 0x00000000d0500000|100%| E|CS|TAMS 0x00000000d0400000, 0x00000000d0400000| Complete 
|  99|0x00000000d0500000, 0x00000000d0600000, 0x00000000d0600000|100%| E|CS|TAMS 0x00000000d0500000, 0x00000000d0500000| Complete 
| 100|0x00000000d0600000, 0x00000000d0700000, 0x00000000d0700000|100%| E|CS|TAMS 0x00000000d0600000, 0x00000000d0600000| Complete 
| 101|0x00000000d0700000, 0x00000000d0800000, 0x00000000d0800000|100%| E|CS|TAMS 0x00000000d0700000, 0x00000000d0700000| Complete 
| 102|0x00000000d0800000, 0x00000000d0900000, 0x00000000d0900000|100%| E|CS|TAMS 0x00000000d0800000, 0x00000000d0800000| Complete 
| 103|0x00000000d0900000, 0x00000000d0a00000, 0x00000000d0a00000|100%| E|CS|TAMS 0x00000000d0900000, 0x00000000d0900000| Complete 
| 104|0x00000000d0a00000, 0x00000000d0b00000, 0x00000000d0b00000|100%| E|CS|TAMS 0x00000000d0a00000, 0x00000000d0a00000| Complete 
| 105|0x00000000d0b00000, 0x00000000d0c00000, 0x00000000d0c00000|100%| E|CS|TAMS 0x00000000d0b00000, 0x00000000d0b00000| Complete 
| 106|0x00000000d0c00000, 0x00000000d0d00000, 0x00000000d0d00000|100%| E|CS|TAMS 0x00000000d0c00000, 0x00000000d0c00000| Complete 
| 107|0x00000000d0d00000, 0x00000000d0e00000, 0x00000000d0e00000|100%| E|CS|TAMS 0x00000000d0d00000, 0x00000000d0d00000| Complete 
| 108|0x00000000d0e00000, 0x00000000d0f00000, 0x00000000d0f00000|100%| E|CS|TAMS 0x00000000d0e00000, 0x00000000d0e00000| Complete 
| 109|0x00000000d0f00000, 0x00000000d1000000, 0x00000000d1000000|100%| E|CS|TAMS 0x00000000d0f00000, 0x00000000d0f00000| Complete 
| 110|0x00000000d1000000, 0x00000000d1100000, 0x00000000d1100000|100%| E|CS|TAMS 0x00000000d1000000, 0x00000000d1000000| Complete 
| 111|0x00000000d1100000, 0x00000000d1200000, 0x00000000d1200000|100%| E|CS|TAMS 0x00000000d1100000, 0x00000000d1100000| Complete 
| 112|0x00000000d1200000, 0x00000000d1300000, 0x00000000d1300000|100%| E|CS|TAMS 0x00000000d1200000, 0x00000000d1200000| Complete 
| 113|0x00000000d1300000, 0x00000000d1400000, 0x00000000d1400000|100%| E|CS|TAMS 0x00000000d1300000, 0x00000000d1300000| Complete 
| 114|0x00000000d1400000, 0x00000000d1500000, 0x00000000d1500000|100%| E|CS|TAMS 0x00000000d1400000, 0x00000000d1400000| Complete 
| 115|0x00000000d1500000, 0x00000000d1600000, 0x00000000d1600000|100%| E|CS|TAMS 0x00000000d1500000, 0x00000000d1500000| Complete 

Card table byte_map: [0x0000018fed5a0000,0x0000018fed750000] _byte_map_base: 0x0000018fecf4f000

Marking Bits (Prev, Next): (CMBitMap*) 0x0000018fe0f08ac0, (CMBitMap*) 0x0000018fe0f08b00
 Prev Bits: [0x0000018fed900000, 0x0000018fee678000)
 Next Bits: [0x0000018fee680000, 0x0000018fef3f8000)

Polling page: 0x0000018fe0d70000

Metaspace:

Usage:
  Non-class:     66.94 MB used.
      Class:     11.19 MB used.
       Both:     78.14 MB used.

Virtual space:
  Non-class space:       72.00 MB reserved,      67.25 MB ( 93%) committed,  9 nodes.
      Class space:        1.00 GB reserved,      11.44 MB (  1%) committed,  1 nodes.
             Both:        1.07 GB reserved,      78.69 MB (  7%) committed. 

Chunk freelists:
   Non-Class:  272.00 KB
       Class:  496.00 KB
        Both:  768.00 KB

MaxMetaspaceSize: unlimited
CompressedClassSpaceSize: 1.00 GB
Initial GC threshold: 21.00 MB
Current GC threshold: 124.06 MB
CDS: on
MetaspaceReclaimPolicy: balanced
 - commit_granule_bytes: 65536.
 - commit_granule_words: 8192.
 - virtual_space_node_default_size: 1048576.
 - enlarge_chunks_in_place: 1.
 - new_chunks_are_fully_committed: 0.
 - uncommit_free_chunks: 1.
 - use_allocation_guard: 0.
 - handle_deallocations: 1.


Internal statistics:

num_allocs_failed_limit: 8.
num_arena_births: 956.
num_arena_deaths: 52.
num_vsnodes_births: 10.
num_vsnodes_deaths: 0.
num_space_committed: 1259.
num_space_uncommitted: 0.
num_chunks_returned_to_freelist: 69.
num_chunks_taken_from_freelist: 3843.
num_chunk_merges: 28.
num_chunk_splits: 2744.
num_chunks_enlarged: 2123.
num_purges: 2.
num_inconsistent_stats: 0.

CodeCache: size=49152Kb used=13587Kb max_used=13587Kb free=35564Kb
 bounds [0x0000018fe9f40000, 0x0000018feac90000, 0x0000018fecf40000]
 total_blobs=8272 nmethods=7516 adapters=682
 compilation: enabled
              stopped_count=0, restarted_count=0
 full_count=0

Compilation events (20 events):
Event: 74.385 Thread 0x0000018ff197d860 7517       1       org.hibernate.metamodel.mapping.internal.AbstractAttributeMapping::getDeclaringType (5 bytes)
Event: 74.386 Thread 0x0000018ff197d860 nmethod 7517 0x0000018feac80790 code [0x0000018feac80920, 0x0000018feac809f8]
Event: 74.457 Thread 0x0000018ff197d860 7518       1       org.hibernate.sql.ast.tree.expression.ColumnReference::getExpressionType (5 bytes)
Event: 74.458 Thread 0x0000018ff197d860 nmethod 7518 0x0000018feac80a90 code [0x0000018feac80c20, 0x0000018feac80cf8]
Event: 74.527 Thread 0x0000018ff197d860 7519       1       java.lang.invoke.MethodHandle::spreadArrayChecks (89 bytes)
Event: 74.529 Thread 0x0000018ff197d860 nmethod 7519 0x0000018feac80d90 code [0x0000018feac81080, 0x0000018feac819d8]
Event: 74.688 Thread 0x0000018ff197d860 7520       1       oracle.net.ns.SessionAtts::isConnected (5 bytes)
Event: 74.689 Thread 0x0000018ff197d860 nmethod 7520 0x0000018feac82c10 code [0x0000018feac82da0, 0x0000018feac82e78]
Event: 74.689 Thread 0x0000018ff197d860 7522       1       com.sun.crypto.provider.GaloisCounterMode::checkReInit (19 bytes)
Event: 74.689 Thread 0x0000018ff197d860 nmethod 7522 0x0000018feac82f10 code [0x0000018feac830a0, 0x0000018feac83208]
Event: 74.689 Thread 0x0000018ff197d860 7521       1       sun.security.ssl.SSLCipher$T12GcmWriteCipherGenerator$GcmWriteCipher::getExplicitNonceSize (5 bytes)
Event: 74.689 Thread 0x0000018ff197d860 nmethod 7521 0x0000018feac83290 code [0x0000018feac83420, 0x0000018feac834f8]
Event: 74.821 Thread 0x0000018ff197d860 7523       1       oracle.jdbc.internal.Monitor::acquireLock (15 bytes)
Event: 74.822 Thread 0x0000018ff197d860 nmethod 7523 0x0000018feac83e90 code [0x0000018feac84040, 0x0000018feac84158]
Event: 74.822 Thread 0x0000018ff197d860 7524       1       oracle.jdbc.internal.Monitor$CloseableLock::close (10 bytes)
Event: 74.822 Thread 0x0000018ff197d860 nmethod 7524 0x0000018feac84210 code [0x0000018feac843a0, 0x0000018feac84488]
Event: 74.822 Thread 0x0000018ff197d860 7525       1       oracle.jdbc.internal.Monitor::acquireCloseableLock (13 bytes)
Event: 74.822 Thread 0x0000018ff197d860 nmethod 7525 0x0000018feac84510 code [0x0000018feac846c0, 0x0000018feac847d8]
Event: 74.827 Thread 0x0000018ff197d860 7526       1       org.jboss.logging.Logger::isTraceEnabled (8 bytes)
Event: 74.827 Thread 0x0000018ff197d860 nmethod 7526 0x0000018feac84890 code [0x0000018feac84a20, 0x0000018feac84b08]

GC Heap History (20 events):
Event: 31.709 GC heap before
{Heap before GC invocations=42 (full 0):
 garbage-first heap   total 118784K, used 86533K [0x00000000ca200000, 0x0000000100000000)
  region size 1024K, 53 young (54272K), 6 survivors (6144K)
 Metaspace       used 71607K, committed 72128K, reserved 1114112K
  class space    used 10309K, committed 10560K, reserved 1048576K
}
Event: 31.736 GC heap after
{Heap after GC invocations=43 (full 0):
 garbage-first heap   total 118784K, used 45433K [0x00000000ca200000, 0x0000000100000000)
  region size 1024K, 7 young (7168K), 7 survivors (7168K)
 Metaspace       used 71607K, committed 72128K, reserved 1114112K
  class space    used 10309K, committed 10560K, reserved 1048576K
}
Event: 32.291 GC heap before
{Heap before GC invocations=43 (full 0):
 garbage-first heap   total 118784K, used 88441K [0x00000000ca200000, 0x0000000100000000)
  region size 1024K, 49 young (50176K), 7 survivors (7168K)
 Metaspace       used 71681K, committed 72192K, reserved 1114112K
  class space    used 10326K, committed 10560K, reserved 1048576K
}
Event: 32.306 GC heap after
{Heap after GC invocations=44 (full 0):
 garbage-first heap   total 118784K, used 47611K [0x00000000ca200000, 0x0000000100000000)
  region size 1024K, 2 young (2048K), 2 survivors (2048K)
 Metaspace       used 71681K, committed 72192K, reserved 1114112K
  class space    used 10326K, committed 10560K, reserved 1048576K
}
Event: 34.979 GC heap before
{Heap before GC invocations=45 (full 0):
 garbage-first heap   total 118784K, used 91643K [0x00000000ca200000, 0x0000000100000000)
  region size 1024K, 45 young (46080K), 2 survivors (2048K)
 Metaspace       used 72484K, committed 73024K, reserved 1114112K
  class space    used 10438K, committed 10688K, reserved 1048576K
}
Event: 34.990 GC heap after
{Heap after GC invocations=46 (full 0):
 garbage-first heap   total 118784K, used 48426K [0x00000000ca200000, 0x0000000100000000)
  region size 1024K, 3 young (3072K), 3 survivors (3072K)
 Metaspace       used 72484K, committed 73024K, reserved 1114112K
  class space    used 10438K, committed 10688K, reserved 1048576K
}
Event: 40.133 GC heap before
{Heap before GC invocations=46 (full 0):
 garbage-first heap   total 118784K, used 93482K [0x00000000ca200000, 0x0000000100000000)
  region size 1024K, 47 young (48128K), 3 survivors (3072K)
 Metaspace       used 75355K, committed 75904K, reserved 1122304K
  class space    used 10815K, committed 11072K, reserved 1048576K
}
Event: 40.141 GC heap after
{Heap after GC invocations=47 (full 0):
 garbage-first heap   total 118784K, used 50334K [0x00000000ca200000, 0x0000000100000000)
  region size 1024K, 5 young (5120K), 5 survivors (5120K)
 Metaspace       used 75355K, committed 75904K, reserved 1122304K
  class space    used 10815K, committed 11072K, reserved 1048576K
}
Event: 42.334 GC heap before
{Heap before GC invocations=48 (full 0):
 garbage-first heap   total 118784K, used 93342K [0x00000000ca200000, 0x0000000100000000)
  region size 1024K, 48 young (49152K), 5 survivors (5120K)
 Metaspace       used 75656K, committed 76288K, reserved 1122304K
  class space    used 10847K, committed 11136K, reserved 1048576K
}
Event: 42.349 GC heap after
{Heap after GC invocations=49 (full 0):
 garbage-first heap   total 118784K, used 49915K [0x00000000ca200000, 0x0000000100000000)
  region size 1024K, 3 young (3072K), 3 survivors (3072K)
 Metaspace       used 75656K, committed 76288K, reserved 1122304K
  class space    used 10847K, committed 11136K, reserved 1048576K
}
Event: 42.382 GC heap before
{Heap before GC invocations=49 (full 0):
 garbage-first heap   total 118784K, used 50939K [0x00000000ca200000, 0x0000000100000000)
  region size 1024K, 5 young (5120K), 3 survivors (3072K)
 Metaspace       used 75656K, committed 76288K, reserved 1122304K
  class space    used 10847K, committed 11136K, reserved 1048576K
}
Event: 42.387 GC heap after
{Heap after GC invocations=50 (full 0):
 garbage-first heap   total 118784K, used 50011K [0x00000000ca200000, 0x0000000100000000)
  region size 1024K, 4 young (4096K), 4 survivors (4096K)
 Metaspace       used 75656K, committed 76288K, reserved 1122304K
  class space    used 10847K, committed 11136K, reserved 1048576K
}
Event: 43.027 GC heap before
{Heap before GC invocations=51 (full 0):
 garbage-first heap   total 118784K, used 90971K [0x00000000ca200000, 0x0000000100000000)
  region size 1024K, 45 young (46080K), 4 survivors (4096K)
 Metaspace       used 75656K, committed 76288K, reserved 1122304K
  class space    used 10847K, committed 11136K, reserved 1048576K
}
Event: 43.032 GC heap after
{Heap after GC invocations=52 (full 0):
 garbage-first heap   total 118784K, used 49025K [0x00000000ca200000, 0x0000000100000000)
  region size 1024K, 4 young (4096K), 4 survivors (4096K)
 Metaspace       used 75656K, committed 76288K, reserved 1122304K
  class space    used 10847K, committed 11136K, reserved 1048576K
}
Event: 43.036 GC heap before
{Heap before GC invocations=52 (full 0):
 garbage-first heap   total 118784K, used 50049K [0x00000000ca200000, 0x0000000100000000)
  region size 1024K, 5 young (5120K), 4 survivors (4096K)
 Metaspace       used 75656K, committed 76288K, reserved 1122304K
  class space    used 10847K, committed 11136K, reserved 1048576K
}
Event: 43.042 GC heap after
{Heap after GC invocations=53 (full 0):
 garbage-first heap   total 118784K, used 45342K [0x00000000ca200000, 0x0000000100000000)
  region size 1024K, 1 young (1024K), 1 survivors (1024K)
 Metaspace       used 75656K, committed 76288K, reserved 1122304K
  class space    used 10847K, committed 11136K, reserved 1048576K
}
Event: 44.386 GC heap before
{Heap before GC invocations=53 (full 0):
 garbage-first heap   total 118784K, used 93470K [0x00000000ca200000, 0x0000000100000000)
  region size 1024K, 48 young (49152K), 1 survivors (1024K)
 Metaspace       used 75665K, committed 76288K, reserved 1122304K
  class space    used 10849K, committed 11136K, reserved 1048576K
}
Event: 44.405 GC heap after
{Heap after GC invocations=54 (full 0):
 garbage-first heap   total 118784K, used 58588K [0x00000000ca200000, 0x0000000100000000)
  region size 1024K, 6 young (6144K), 6 survivors (6144K)
 Metaspace       used 75665K, committed 76288K, reserved 1122304K
  class space    used 10849K, committed 11136K, reserved 1048576K
}
Event: 46.643 GC heap before
{Heap before GC invocations=54 (full 0):
 garbage-first heap   total 118784K, used 90332K [0x00000000ca200000, 0x0000000100000000)
  region size 1024K, 38 young (38912K), 6 survivors (6144K)
 Metaspace       used 76330K, committed 76992K, reserved 1122304K
  class space    used 10937K, committed 11264K, reserved 1048576K
}
Event: 46.668 GC heap after
{Heap after GC invocations=55 (full 0):
 garbage-first heap   total 118784K, used 66258K [0x00000000ca200000, 0x0000000100000000)
  region size 1024K, 5 young (5120K), 5 survivors (5120K)
 Metaspace       used 76330K, committed 76992K, reserved 1122304K
  class space    used 10937K, committed 11264K, reserved 1048576K
}

Deoptimization events (16 events):
Event: 6.358 Thread 0x0000018fe0ed27a0 DEOPT PACKING pc=0x0000018fea324719 sp=0x0000008cea5fd460
Event: 6.358 Thread 0x0000018fe0ed27a0 DEOPT UNPACKING pc=0x0000018fe9f92b43 sp=0x0000008cea5fc940 mode 3
Event: 7.057 Thread 0x0000018fe0ed27a0 DEOPT PACKING pc=0x0000018fea366355 sp=0x0000008cea5fd970
Event: 7.057 Thread 0x0000018fe0ed27a0 DEOPT UNPACKING pc=0x0000018fe9f92b43 sp=0x0000008cea5fce18 mode 3
Event: 12.544 Thread 0x0000018fe0ed27a0 DEOPT PACKING pc=0x0000018fea651f9d sp=0x0000008cea5fc610
Event: 12.544 Thread 0x0000018fe0ed27a0 DEOPT UNPACKING pc=0x0000018fe9f92b43 sp=0x0000008cea5fbb78 mode 3
Event: 20.814 Thread 0x0000018fe0ed27a0 DEOPT PACKING pc=0x0000018fea8c3074 sp=0x0000008cea5fc860
Event: 20.814 Thread 0x0000018fe0ed27a0 DEOPT UNPACKING pc=0x0000018fe9f92b43 sp=0x0000008cea5fbce8 mode 0
Event: 24.626 Thread 0x0000018fe0ed27a0 DEOPT PACKING pc=0x0000018fea35af24 sp=0x0000008cea5fc4c0
Event: 24.626 Thread 0x0000018fe0ed27a0 DEOPT UNPACKING pc=0x0000018fe9f92b43 sp=0x0000008cea5fba18 mode 0
Event: 33.359 Thread 0x0000018fe0ed27a0 DEOPT PACKING pc=0x0000018fea37c322 sp=0x0000008cea5fde20
Event: 33.365 Thread 0x0000018fe0ed27a0 DEOPT UNPACKING pc=0x0000018fe9f92b43 sp=0x0000008cea5fd328 mode 3
Event: 33.385 Thread 0x0000018fe0ed27a0 DEOPT PACKING pc=0x0000018fea36ae95 sp=0x0000008cea5fdde0
Event: 33.385 Thread 0x0000018fe0ed27a0 DEOPT UNPACKING pc=0x0000018fe9f92b43 sp=0x0000008cea5fd328 mode 3
Event: 38.883 Thread 0x0000018fe0ed27a0 DEOPT PACKING pc=0x0000018fea5172fb sp=0x0000008cea5fd0d0
Event: 38.883 Thread 0x0000018fe0ed27a0 DEOPT UNPACKING pc=0x0000018fe9f92b43 sp=0x0000008cea5fc618 mode 3

Classes unloaded (20 events):
Event: 25.083 Thread 0x0000018fe0f70010 Unloading class 0x0000000800cdc400 'java/lang/invoke/LambdaForm$MH+0x0000000800cdc400'
Event: 25.083 Thread 0x0000018fe0f70010 Unloading class 0x0000000800cdc000 'java/lang/invoke/LambdaForm$MH+0x0000000800cdc000'
Event: 25.083 Thread 0x0000018fe0f70010 Unloading class 0x0000000800cd3000 'jdk/internal/reflect/GeneratedSerializationConstructorAccessor8'
Event: 25.083 Thread 0x0000018fe0f70010 Unloading class 0x0000000800cd2000 'java/lang/invoke/LambdaForm$MH+0x0000000800cd2000'
Event: 25.083 Thread 0x0000018fe0f70010 Unloading class 0x0000000800cd1c00 'java/lang/invoke/LambdaForm$MH+0x0000000800cd1c00'
Event: 25.083 Thread 0x0000018fe0f70010 Unloading class 0x0000000800cd1800 'java/lang/invoke/LambdaForm$MH+0x0000000800cd1800'
Event: 25.083 Thread 0x0000018fe0f70010 Unloading class 0x0000000800cd1400 'java/lang/invoke/LambdaForm$MH+0x0000000800cd1400'
Event: 25.083 Thread 0x0000018fe0f70010 Unloading class 0x0000000800cd1000 'java/lang/invoke/LambdaForm$MH+0x0000000800cd1000'
Event: 25.083 Thread 0x0000018fe0f70010 Unloading class 0x0000000800cc8c00 'jdk/internal/reflect/GeneratedSerializationConstructorAccessor6'
Event: 25.083 Thread 0x0000018fe0f70010 Unloading class 0x0000000800cc2400 'java/lang/invoke/LambdaForm$MH+0x0000000800cc2400'
Event: 25.083 Thread 0x0000018fe0f70010 Unloading class 0x0000000800cc2000 'java/lang/invoke/LambdaForm$MH+0x0000000800cc2000'
Event: 25.083 Thread 0x0000018fe0f70010 Unloading class 0x0000000800cc1c00 'java/lang/invoke/LambdaForm$MH+0x0000000800cc1c00'
Event: 25.083 Thread 0x0000018fe0f70010 Unloading class 0x0000000800cc1800 'java/lang/invoke/LambdaForm$MH+0x0000000800cc1800'
Event: 25.083 Thread 0x0000018fe0f70010 Unloading class 0x0000000800cc1400 'java/lang/invoke/LambdaForm$MH+0x0000000800cc1400'
Event: 25.083 Thread 0x0000018fe0f70010 Unloading class 0x0000000800cc0400 'jdk/internal/reflect/GeneratedSerializationConstructorAccessor3'
Event: 25.083 Thread 0x0000018fe0f70010 Unloading class 0x0000000800cc0000 'jdk/internal/reflect/GeneratedSerializationConstructorAccessor2'
Event: 25.083 Thread 0x0000018fe0f70010 Unloading class 0x0000000800c09000 'jdk/internal/reflect/GeneratedSerializationConstructorAccessor1'
Event: 25.083 Thread 0x0000018fe0f70010 Unloading class 0x0000000800c08800 'java/lang/invoke/LambdaForm$DMH+0x0000000800c08800'
Event: 25.083 Thread 0x0000018fe0f70010 Unloading class 0x0000000800c08000 'java/lang/invoke/LambdaForm$DMH+0x0000000800c08000'
Event: 25.083 Thread 0x0000018fe0f70010 Unloading class 0x0000000800c07400 'jdk/internal/reflect/GeneratedConstructorAccessor1'

Classes redefined (0 events):
No events

Internal exceptions (20 events):
Event: 44.521 Thread 0x0000018ff76eb920 Exception <a 'sun/nio/fs/WindowsException'{0x00000000d032dd00}> (0x00000000d032dd00) 
thrown [s\open\src\hotspot\share\prims\jni.cpp, line 516]
Event: 44.521 Thread 0x0000018ff76e9c40 Exception <a 'sun/nio/fs/WindowsException'{0x00000000d04372b8}> (0x00000000d04372b8) 
thrown [s\open\src\hotspot\share\prims\jni.cpp, line 516]
Event: 44.521 Thread 0x0000018ff76eb920 Exception <a 'sun/nio/fs/WindowsException'{0x00000000d0330608}> (0x00000000d0330608) 
thrown [s\open\src\hotspot\share\prims\jni.cpp, line 516]
Event: 44.521 Thread 0x0000018ff76ea110 Exception <a 'sun/nio/fs/WindowsException'{0x00000000d0322130}> (0x00000000d0322130) 
thrown [s\open\src\hotspot\share\prims\jni.cpp, line 516]
Event: 44.522 Thread 0x0000018ff76eb920 Exception <a 'sun/nio/fs/WindowsException'{0x00000000d0332e78}> (0x00000000d0332e78) 
thrown [s\open\src\hotspot\share\prims\jni.cpp, line 516]
Event: 44.522 Thread 0x0000018ff76ea110 Exception <a 'sun/nio/fs/WindowsException'{0x00000000d033c120}> (0x00000000d033c120) 
thrown [s\open\src\hotspot\share\prims\jni.cpp, line 516]
Event: 44.522 Thread 0x0000018ff76e9c40 Exception <a 'sun/nio/fs/WindowsException'{0x00000000d0439bb8}> (0x00000000d0439bb8) 
thrown [s\open\src\hotspot\share\prims\jni.cpp, line 516]
Event: 44.523 Thread 0x0000018ff76ea110 Exception <a 'sun/nio/fs/WindowsException'{0x00000000d033e988}> (0x00000000d033e988) 
thrown [s\open\src\hotspot\share\prims\jni.cpp, line 516]
Event: 44.523 Thread 0x0000018ff76e9c40 Exception <a 'sun/nio/fs/WindowsException'{0x00000000d043c478}> (0x00000000d043c478) 
thrown [s\open\src\hotspot\share\prims\jni.cpp, line 516]
Event: 44.523 Thread 0x0000018ff76eb920 Exception <a 'sun/nio/fs/WindowsException'{0x00000000d0335730}> (0x00000000d0335730) 
thrown [s\open\src\hotspot\share\prims\jni.cpp, line 516]
Event: 47.121 Thread 0x0000018fe0ed27a0 Exception <a 'java/lang/NoSuchMethodError'{0x00000000d12f0050}: 'java.lang.Object java.lang.invoke.DirectMethodHandle$Holder.newInvokeSpecial(java.lang.Object, java.lang.Object, int, java.lang.Object, java.lang.Object)'> (0x00000000d12f0050) 
thrown [s\open\src\hotspot\share\interpreter\linkResolver.cpp, line 759]
Event: 47.126 Thread 0x0000018fe0ed27a0 Exception <a 'java/lang/NoSuchMethodError'{0x00000000d12fb5d0}: 'java.lang.Object java.lang.invoke.DirectMethodHandle$Holder.invokeSpecial(java.lang.Object, java.lang.Object, int, java.lang.Object, int, java.lang.Object)'> (0x00000000d12fb5d0) 
thrown [s\open\src\hotspot\share\interpreter\linkResolver.cpp, line 759]
Event: 47.128 Thread 0x0000018fe0ed27a0 Exception <a 'java/lang/NoSuchMethodError'{0x00000000d1103418}: 'java.lang.Object java.lang.invoke.DirectMethodHandle$Holder.newInvokeSpecial(java.lang.Object, java.lang.Object, int, java.lang.Object, int)'> (0x00000000d1103418) 
thrown [s\open\src\hotspot\share\interpreter\linkResolver.cpp, line 759]
Event: 47.129 Thread 0x0000018fe0ed27a0 Exception <a 'java/lang/NoSuchMethodError'{0x00000000d1107518}: 'java.lang.Object java.lang.invoke.DirectMethodHandle$Holder.invokeSpecial(java.lang.Object, java.lang.Object, java.lang.Object, int, java.lang.Object, int)'> (0x00000000d1107518) 
thrown [s\open\src\hotspot\share\interpreter\linkResolver.cpp, line 759]
Event: 61.650 Thread 0x0000018ff48c9ed0 Exception <a 'java/net/ConnectException'{0x00000000d0e9f2b8}: Connection timed out: no further information> (0x00000000d0e9f2b8) 
thrown [s\open\src\hotspot\share\prims\jni.cpp, line 535]
Event: 61.651 Thread 0x0000018ff48c9ed0 Exception <a 'java/net/SocketException'{0x00000000d0e9f5f0}: Socket is not connected: shutdown> (0x00000000d0e9f5f0) 
thrown [s\open\src\hotspot\share\prims\jni.cpp, line 535]
Event: 72.926 Thread 0x0000018ff76f0fc0 Exception <a 'java/lang/NoSuchMethodError'{0x00000000d0c92fc8}: 'java.lang.Object java.lang.invoke.DirectMethodHandle$Holder.invokeSpecial(java.lang.Object, java.lang.Object, java.lang.Object, java.lang.Object, java.lang.Object, long)'> (0x00000000d0c92fc8) 
thrown [s\open\src\hotspot\share\interpreter\linkResolver.cpp, line 759]
Event: 72.928 Thread 0x0000018ff76f0fc0 Exception <a 'java/lang/NoSuchMethodError'{0x00000000d0c96a08}: 'java.lang.Object java.lang.invoke.Invokers$Holder.linkToTargetMethod(java.lang.Object, java.lang.Object, java.lang.Object, long, java.lang.Object)'> (0x00000000d0c96a08) 
thrown [s\open\src\hotspot\share\interpreter\linkResolver.cpp, line 759]
Event: 73.462 Thread 0x0000018ff76ef7b0 Exception <a 'java/lang/NoSuchMethodError'{0x00000000d0aafb88}: 'java.lang.Object java.lang.invoke.DirectMethodHandle$Holder.invokeStatic(java.lang.Object, int, int)'> (0x00000000d0aafb88) 
thrown [s\open\src\hotspot\share\interpreter\linkResolver.cpp, line 759]
Event: 73.462 Thread 0x0000018ff76f0fc0 Exception <a 'java/lang/NoSuchMethodError'{0x00000000d0aa6fc0}: 'java.lang.Object java.lang.invoke.DirectMethodHandle$Holder.invokeStatic(java.lang.Object, int, int)'> (0x00000000d0aa6fc0) 
thrown [s\open\src\hotspot\share\interpreter\linkResolver.cpp, line 759]

VM Operations (20 events):
Event: 47.238 Executing VM operation: HandshakeAllThreads
Event: 47.238 Executing VM operation: HandshakeAllThreads done
Event: 47.682 Executing VM operation: HandshakeAllThreads
Event: 47.685 Executing VM operation: HandshakeAllThreads done
Event: 47.685 Executing VM operation: Cleanup
Event: 47.685 Executing VM operation: Cleanup done
Event: 49.689 Executing VM operation: Cleanup
Event: 49.689 Executing VM operation: Cleanup done
Event: 51.690 Executing VM operation: Cleanup
Event: 51.690 Executing VM operation: Cleanup done
Event: 61.729 Executing VM operation: Cleanup
Event: 61.729 Executing VM operation: Cleanup done
Event: 73.193 Executing VM operation: HandshakeAllThreads
Event: 73.195 Executing VM operation: HandshakeAllThreads done
Event: 73.229 Executing VM operation: HandshakeAllThreads
Event: 73.229 Executing VM operation: HandshakeAllThreads done
Event: 73.743 Executing VM operation: HandshakeAllThreads
Event: 73.744 Executing VM operation: HandshakeAllThreads done
Event: 73.744 Executing VM operation: Cleanup
Event: 73.744 Executing VM operation: Cleanup done

Events (20 events):
Event: 72.207 loading class java/nio/channels/SelectionKey done
Event: 72.207 loading class java/nio/channels/spi/AbstractSelectionKey done
Event: 72.207 loading class sun/nio/ch/SelectionKeyImpl done
Event: 72.220 loading class java/lang/invoke/ConstantBootstraps
Event: 72.245 loading class java/lang/invoke/ConstantBootstraps done
Event: 72.951 loading class sun/nio/cs/ISO_8859_1$Decoder
Event: 72.953 loading class sun/nio/cs/ISO_8859_1$Decoder done
Event: 73.464 loading class java/util/ArrayList$SubList$2
Event: 73.465 loading class java/util/ArrayList$SubList$2 done
Event: 73.477 loading class java/util/concurrent/locks/ReentrantReadWriteLock$Sync$HoldCounter
Event: 73.477 loading class java/util/concurrent/locks/ReentrantReadWriteLock$Sync$HoldCounter done
Event: 73.641 loading class java/time/format/DateTimeFormatterBuilder$ZoneTextPrinterParser
Event: 73.644 loading class java/time/format/DateTimeFormatterBuilder$ZoneTextPrinterParser done
Event: 73.646 loading class java/time/format/DateTimeFormatterBuilder$ReducedPrinterParser
Event: 73.646 loading class java/time/format/DateTimeFormatterBuilder$ReducedPrinterParser done
Event: 73.846 Thread 0x0000018ff76ec2c0 Thread added: 0x0000018ff76ec2c0
Event: 73.853 Thread 0x0000018ff76ec790 Thread added: 0x0000018ff76ec790
Event: 73.857 Thread 0x0000018ff48c9ed0 Thread added: 0x0000018ff48c9ed0
Event: 73.983 Thread 0x0000018ff76ec790 Thread exited: 0x0000018ff76ec790
Event: 73.988 Thread 0x0000018ff48c9ed0 Thread exited: 0x0000018ff48c9ed0


Dynamic libraries:
0x00007ff78b000000 - 0x00007ff78b010000 	C:\Program Files\Java\jdk-17.0.5\bin\javaw.exe
0x00007ffed9b50000 - 0x00007ffed9d48000 	C:\WINDOWS\SYSTEM32\ntdll.dll
0x00007ffed8d40000 - 0x00007ffed8dff000 	C:\WINDOWS\System32\KERNEL32.DLL
0x00007ffed7360000 - 0x00007ffed7656000 	C:\WINDOWS\System32\KERNELBASE.dll
0x00007ffed7780000 - 0x00007ffed7880000 	C:\WINDOWS\System32\ucrtbase.dll
0x00007ffed0a50000 - 0x00007ffed0a6a000 	C:\Program Files\Java\jdk-17.0.5\bin\VCRUNTIME140.dll
0x00007ffeb3360000 - 0x00007ffeb3378000 	C:\Program Files\Java\jdk-17.0.5\bin\jli.dll
0x00007ffed9890000 - 0x00007ffed993f000 	C:\WINDOWS\System32\ADVAPI32.dll
0x00007ffed7f90000 - 0x00007ffed802e000 	C:\WINDOWS\System32\msvcrt.dll
0x00007ffed8440000 - 0x00007ffed84dc000 	C:\WINDOWS\System32\sechost.dll
0x00007ffed9760000 - 0x00007ffed9886000 	C:\WINDOWS\System32\RPCRT4.dll
0x00007ffed9970000 - 0x00007ffed9b0d000 	C:\WINDOWS\System32\USER32.dll
0x00007ffeb0810000 - 0x00007ffeb0aaa000 	C:\WINDOWS\WinSxS\amd64_microsoft.windows.common-controls_6595b64144ccf1df_6.0.19041.1110_none_60b5254171f9507e\COMCTL32.dll
0x00007ffed7880000 - 0x00007ffed78a2000 	C:\WINDOWS\System32\win32u.dll
0x00007ffed9940000 - 0x00007ffed996c000 	C:\WINDOWS\System32\GDI32.dll
0x00007ffed7a10000 - 0x00007ffed7b25000 	C:\WINDOWS\System32\gdi32full.dll
0x00007ffed72c0000 - 0x00007ffed735d000 	C:\WINDOWS\System32\msvcp_win.dll
0x00007ffed6f10000 - 0x00007ffed6f1a000 	C:\WINDOWS\SYSTEM32\VERSION.dll
0x00007ffed8ec0000 - 0x00007ffed8ef0000 	C:\WINDOWS\System32\IMM32.DLL
0x000000005f5d0000 - 0x000000005f5dc000 	C:\Program Files (x86)\360\Total Security\safemon\SafeWrapper.dll
0x00007ffe8bcf0000 - 0x00007ffe8bd82000 	C:\Program Files (x86)\360\Total Security\safemon\libzdtp64.dll
0x00007ffed84f0000 - 0x00007ffed8c34000 	C:\WINDOWS\System32\SHELL32.dll
0x00007ffed8c40000 - 0x00007ffed8c95000 	C:\WINDOWS\System32\SHLWAPI.dll
0x00007ffed2f60000 - 0x00007ffed2f6c000 	C:\Program Files\Java\jdk-17.0.5\bin\vcruntime140_1.dll
0x00007ffeaa180000 - 0x00007ffeaa20d000 	C:\Program Files\Java\jdk-17.0.5\bin\msvcp140.dll
0x00007ffe83ad0000 - 0x00007ffe84692000 	C:\Program Files\Java\jdk-17.0.5\bin\server\jvm.dll
0x00007ffed8eb0000 - 0x00007ffed8eb8000 	C:\WINDOWS\System32\PSAPI.DLL
0x00007ffe9b690000 - 0x00007ffe9b699000 	C:\WINDOWS\SYSTEM32\WSOCK32.dll
0x00007ffed8030000 - 0x00007ffed809b000 	C:\WINDOWS\System32\WS2_32.dll
0x00007ffecdc10000 - 0x00007ffecdc37000 	C:\WINDOWS\SYSTEM32\WINMM.dll
0x00007ffed5020000 - 0x00007ffed5032000 	C:\WINDOWS\SYSTEM32\kernel.appcore.dll
0x00007ffed07b0000 - 0x00007ffed07ba000 	C:\Program Files\Java\jdk-17.0.5\bin\jimage.dll
0x00007ffec4150000 - 0x00007ffec4334000 	C:\WINDOWS\SYSTEM32\DBGHELP.DLL
0x00007ffec4110000 - 0x00007ffec4144000 	C:\WINDOWS\SYSTEM32\dbgcore.DLL
0x00007ffed7230000 - 0x00007ffed72b2000 	C:\WINDOWS\System32\bcryptPrimitives.dll
0x00007ffeb3330000 - 0x00007ffeb3355000 	C:\Program Files\Java\jdk-17.0.5\bin\java.dll
0x00007ffe87bd0000 - 0x00007ffe87ca6000 	C:\Program Files\Java\jdk-17.0.5\bin\jsvml.dll
0x00007ffed5240000 - 0x00007ffed59d3000 	C:\WINDOWS\SYSTEM32\windows.storage.dll
0x00007ffed7bb0000 - 0x00007ffed7f04000 	C:\WINDOWS\System32\combase.dll
0x00007ffed6a60000 - 0x00007ffed6a8e000 	C:\WINDOWS\SYSTEM32\Wldp.dll
0x00007ffed8e00000 - 0x00007ffed8ead000 	C:\WINDOWS\System32\SHCORE.dll
0x00007ffed7170000 - 0x00007ffed718f000 	C:\WINDOWS\SYSTEM32\profapi.dll
0x00007ffeb3310000 - 0x00007ffeb3329000 	C:\Program Files\Java\jdk-17.0.5\bin\net.dll
0x00007ffed0f60000 - 0x00007ffed106a000 	C:\WINDOWS\SYSTEM32\WINHTTP.dll
0x00007ffed6840000 - 0x00007ffed68aa000 	C:\WINDOWS\system32\mswsock.dll
0x00007ffeaa160000 - 0x00007ffeaa176000 	C:\Program Files\Java\jdk-17.0.5\bin\nio.dll
0x00007ffeaa140000 - 0x00007ffeaa158000 	C:\Program Files\Java\jdk-17.0.5\bin\zip.dll
0x00007ffecfb30000 - 0x00007ffecfb39000 	C:\Program Files\Java\jdk-17.0.5\bin\management.dll
0x00007ffeb3300000 - 0x00007ffeb330b000 	C:\Program Files\Java\jdk-17.0.5\bin\management_ext.dll
0x00007ffe97070000 - 0x00007ffe97087000 	C:\WINDOWS\system32\napinsp.dll
0x00007ffe96db0000 - 0x00007ffe96dcb000 	C:\WINDOWS\system32\pnrpnsp.dll
0x00007ffed1660000 - 0x00007ffed1675000 	C:\WINDOWS\system32\wshbth.dll
0x00007ffed2ab0000 - 0x00007ffed2acd000 	C:\WINDOWS\system32\NLAapi.dll
0x00007ffed6550000 - 0x00007ffed658c000 	C:\WINDOWS\SYSTEM32\IPHLPAPI.DLL
0x00007ffed6590000 - 0x00007ffed665b000 	C:\WINDOWS\SYSTEM32\DNSAPI.dll
0x00007ffed84e0000 - 0x00007ffed84e8000 	C:\WINDOWS\System32\NSI.dll
0x00007ffe966f0000 - 0x00007ffe96702000 	C:\WINDOWS\System32\winrnr.dll
0x00007ffecdc00000 - 0x00007ffecdc0a000 	C:\Windows\System32\rasadhlp.dll
0x00007ffecaa70000 - 0x00007ffecaaf2000 	C:\WINDOWS\System32\fwpuclnt.dll
0x00007ffed7b30000 - 0x00007ffed7b57000 	C:\WINDOWS\System32\bcrypt.dll
0x00007ffed6aa0000 - 0x00007ffed6ab8000 	C:\WINDOWS\SYSTEM32\CRYPTSP.dll
0x00007ffed6180000 - 0x00007ffed61b4000 	C:\WINDOWS\system32\rsaenh.dll
0x00007ffed70f0000 - 0x00007ffed711e000 	C:\WINDOWS\SYSTEM32\USERENV.dll
0x00007ffed69d0000 - 0x00007ffed69dc000 	C:\WINDOWS\SYSTEM32\CRYPTBASE.dll
0x00007ffecaea0000 - 0x00007ffecaeb7000 	C:\WINDOWS\SYSTEM32\dhcpcsvc6.DLL
0x00007ffecadf0000 - 0x00007ffecae0d000 	C:\WINDOWS\SYSTEM32\dhcpcsvc.DLL
0x00007ffeb32c0000 - 0x00007ffeb32ce000 	C:\Program Files\Java\jdk-17.0.5\bin\sunmscapi.dll
0x00007ffed78b0000 - 0x00007ffed7a0e000 	C:\WINDOWS\System32\CRYPT32.dll
0x00007ffed6c20000 - 0x00007ffed6c48000 	C:\WINDOWS\SYSTEM32\ncrypt.dll
0x00007ffed6be0000 - 0x00007ffed6c1b000 	C:\WINDOWS\SYSTEM32\NTASN1.dll
0x00007ffeb3200000 - 0x00007ffeb3210000 	C:\Program Files\Java\jdk-17.0.5\bin\verify.dll
0x00007ffeb31b0000 - 0x00007ffeb31b7000 	C:\WINDOWS\system32\wshunix.dll

dbghelp: loaded successfully - version: 4.0.5 - missing functions: none
symbol engine: initialized successfully - sym options: 0x614 - pdb path: .;C:\Program Files\Java\jdk-17.0.5\bin;C:\WINDOWS\SYSTEM32;C:\WINDOWS\WinSxS\amd64_microsoft.windows.common-controls_6595b64144ccf1df_6.0.19041.1110_none_60b5254171f9507e;C:\Program Files (x86)\360\Total Security\safemon;C:\Program Files\Java\jdk-17.0.5\bin\server

VM Arguments:
jvm_args: -Dcom.sun.management.jmxremote -Dcom.sun.management.jmxremote.port=60783 -Dcom.sun.management.jmxremote.authenticate=false -Dcom.sun.management.jmxremote.ssl=false -Djava.rmi.server.hostname=localhost -Dspring.jmx.enabled=true -Dmanagement.endpoints.jmx.exposure.include=* -Dspring.application.admin.enabled=true -XX:TieredStopAtLevel=1 -Dspring.boot.project.name=AS221S4_T14_be -Dfile.encoding=UTF-8 -XX:+ShowCodeDetailsInExceptionMessages 
java_command: pe.edu.vallegrande.cassiatec.CassiatecApplication --spring.output.ansi.enabled=always
java_class_path (initial): C:\Users\Usuario\Desktop\CASSIATEC\AS221S4_T14_be\target\classes;C:\Users\Usuario\.m2\repository\org\springframework\boot\spring-boot-starter-data-jpa\3.1.4\spring-boot-starter-data-jpa-3.1.4.jar;C:\Users\Usuario\.m2\repository\org\springframework\boot\spring-boot-starter-aop\3.1.4\spring-boot-starter-aop-3.1.4.jar;C:\Users\Usuario\.m2\repository\org\springframework\spring-aop\6.0.12\spring-aop-6.0.12.jar;C:\Users\Usuario\.m2\repository\org\aspectj\aspectjweaver\1.9.20\aspectjweaver-1.9.20.jar;C:\Users\Usuario\.m2\repository\org\springframework\boot\spring-boot-starter-jdbc\3.1.4\spring-boot-starter-jdbc-3.1.4.jar;C:\Users\Usuario\.m2\repository\com\zaxxer\HikariCP\5.0.1\HikariCP-5.0.1.jar;C:\Users\Usuario\.m2\repository\org\springframework\spring-jdbc\6.0.12\spring-jdbc-6.0.12.jar;C:\Users\Usuario\.m2\repository\org\hibernate\orm\hibernate-core\6.2.9.Final\hibernate-core-6.2.9.Final.jar;C:\Users\Usuario\.m2\repository\jakarta\persistence\jakarta.persistence-api\3.1.0\jakarta.persistence-api-3.1.0.jar;C:\Users\Usuario\.m2\repository\jakarta\transaction\jakarta.transaction-api\2.0.1\jakarta.transaction-api-2.0.1.jar;C:\Users\Usuario\.m2\repository\org\jboss\logging\jboss-logging\3.5.3.Final\jboss-logging-3.5.3.Final.jar;C:\Users\Usuario\.m2\repository\org\hibernate\common\hibernate-commons-annotations\6.0.6.Final\hibernate-commons-annotations-6.0.6.Final.jar;C:\Users\Usuario\.m2\repository\io\smallrye\jandex\3.0.5\jandex-3.0.5.jar;C:\Users\Usuario\.m2\repository\com\fasterxml\classmate\1.5.1\classmate-1.5.1.jar;C:\Users\Usuario\.m2\repository\net\bytebuddy\byte-buddy\1.14.8\byte-buddy-1.14.8.jar;C:\Users\Usuario\.m2\repository\org\glassfish\jaxb\jaxb-runtime\4.0.3\jaxb-runtime-4.0.3.jar;C:\Users\Usuario\.m2\repository\org\glassfish\jaxb\jaxb-core\4.0.3\jaxb-core-4.0.3.jar;C:\Users\Usuario\.m2\repository\org\eclipse\angus\angus-activation\2.0.1\angus-activation-2.0.1.jar;C:\Users\Usuario\.m2\repository\org\glassfish\jaxb\txw2\4.0.3\txw2-4.
Launcher Type: SUN_STANDARD

[Global flags]
     intx CICompilerCount                          = 3                                         {product} {ergonomic}
     uint ConcGCThreads                            = 1                                         {product} {ergonomic}
     uint G1ConcRefinementThreads                  = 4                                         {product} {ergonomic}
   size_t G1HeapRegionSize                         = 1048576                                   {product} {ergonomic}
    uintx GCDrainStackTargetSize                   = 64                                        {product} {ergonomic}
   size_t InitialHeapSize                          = 56623104                                  {product} {ergonomic}
     bool ManagementServer                         = true                                      {product} {command line}
   size_t MarkStackSize                            = 4194304                                   {product} {ergonomic}
   size_t MaxHeapSize                              = 903872512                                 {product} {ergonomic}
   size_t MaxNewSize                               = 542113792                                 {product} {ergonomic}
   size_t MinHeapDeltaBytes                        = 1048576                                   {product} {ergonomic}
   size_t MinHeapSize                              = 8388608                                   {product} {ergonomic}
    uintx NonProfiledCodeHeapSize                  = 0                                      {pd product} {ergonomic}
     bool ProfileInterpreter                       = false                                  {pd product} {command line}
    uintx ProfiledCodeHeapSize                     = 0                                      {pd product} {ergonomic}
     bool ShowCodeDetailsInExceptionMessages       = true                                   {manageable} {command line}
   size_t SoftMaxHeapSize                          = 903872512                              {manageable} {ergonomic}
     intx TieredStopAtLevel                        = 1                                         {product} {command line}
     bool UseCompressedClassPointers               = true                           {product lp64_product} {ergonomic}
     bool UseCompressedOops                        = true                           {product lp64_product} {ergonomic}
     bool UseG1GC                                  = true                                      {product} {ergonomic}
     bool UseLargePagesIndividualAllocation        = false                                  {pd product} {ergonomic}

Logging:
Log output configuration:
 #0: stdout all=warning uptime,level,tags
 #1: stderr all=off uptime,level,tags

Environment Variables:
PATH=C:/Valle grande/WorkSpace/App Spring/sts-4.19.1.RELEASE//plugins/org.eclipse.justj.openjdk.hotspot.jre.full.win32.x86_64_17.0.7.v20230425-1502/jre/bin/server;C:/Valle grande/WorkSpace/App Spring/sts-4.19.1.RELEASE//plugins/org.eclipse.justj.openjdk.hotspot.jre.full.win32.x86_64_17.0.7.v20230425-1502/jre/bin;C:\app\Usuario\product\21c\dbhomeXE\bin;C:\Program Files\Common Files\Oracle\Java\javapath;C:\Program Files (x86)\Common Files\Oracle\Java\javapath;C:\ProgramData\Oracle\Java\javapath;C:\WINDOWS\system32;C:\WINDOWS;C:\WINDOWS\System32\Wbem;C:\WINDOWS\System32\WindowsPowerShell\v1.0\;C:\WINDOWS\System32\OpenSSH\;C:\Program Files\PuTTY\;C:\Program Files\Git\cmd;C:\Program Files\nodejs\;C:\Program Files\Microsoft SQL Server\Client SDK\ODBC\170\Tools\Binn\;C:\Program Files (x86)\Microsoft SQL Server\150\Tools\Binn\;C:\Program Files\Microsoft SQL Server\150\Tools\Binn\;C:\Program Files\Microsoft SQL Server\150\DTS\Binn\;C:\Program Files (x86)\Microsoft SQL Server\150\DTS\Binn\;C:\Program Files\Azure Data Studio\bin;C:\ProgramData\chocolatey\bin;C:\Users\Usuario\AppData\Local\Microsoft\WindowsApps;C:\Users\Usuario\AppData\Local\Programs\Microsoft VS Code\bin;C:\Program Files\JetBrains\PyCharm Community Edition 2022.1.1\bin;;C:\Users\Usuario\AppData\Local\GitHubDesktop\bin;C:\Users\Usuario\AppData\Roaming\npm;C:\Program Files\Azure Data Studio\bin;C:\flutter\bin;C:\dart-sdk\bin;;C:\Valle grande\WorkSpace\App Spring\sts-4.19.1.RELEASE;
USERNAME=Usuario
OS=Windows_NT
PROCESSOR_IDENTIFIER=AMD64 Family 23 Model 96 Stepping 1, AuthenticAMD



---------------  S Y S T E M  ---------------

OS:
 Windows 10 , 64 bit Build 19041 (10.0.19041.2913)
OS uptime: 3 days 5:44 hours
Hyper-V role detected

CPU: total 4 (initial active 4) (4 cores per cpu, 1 threads per core) family 23 model 96 stepping 1 microcode 0x0, cx8, cmov, fxsr, mmx, 3dnowpref, sse, sse2, sse3, ssse3, sse4a, sse4.1, sse4.2, popcnt, lzcnt, tsc, tscinvbit, avx, avx2, aes, clmul, bmi1, bmi2, adx, sha, fma, vzeroupper, clflush, clflushopt, hv

Memory: 4k page, system-wide physical 3445M (199M free)
TotalPageFile size 14197M (AvailPageFile size 57M)
current process WorkingSet (physical memory assigned to process): 114M, peak: 216M
current process commit charge ("private bytes"): 318M, peak: 318M

vm_info: Java HotSpot(TM) 64-Bit Server VM (17.0.5+9-LTS-191) for windows-amd64 JRE (17.0.5+9-LTS-191), built on Sep 13 2022 17:31:43 by "mach5one" with MS VC++ 16.8 / 16.9 (VS2019)

END.
